Start testing: Dec 12 13:06 PST
----------------------------------------------------------
1/23 Testing: Trie.ConstructionDestruction
1/23 Test: Trie.ConstructionDestruction
Command: "/usr/bin/valgrind" "--tool=memcheck" "--leak-check=yes" "--trace-children=no" "/home/cs104/hw-vischjag/hw8/hw8_tests/trie_tests/trie_tests" "--gtest_filter=Trie.ConstructionDestruction"
Directory: /home/cs104/hw-vischjag/hw8/hw8_tests/trie_tests
"Trie.ConstructionDestruction" start time: Dec 12 13:06 PST
Output:
----------------------------------------------------------
==3866== Memcheck, a memory error detector
==3866== Copyright (C) 2002-2017, and GNU GPL'd, by Julian Seward et al.
==3866== Using Valgrind-3.13.0 and LibVEX; rerun with -h for copyright info
==3866== Command: /home/cs104/hw-vischjag/hw8/hw8_tests/trie_tests/trie_tests --gtest_filter=Trie.ConstructionDestruction
==3866== 
Running main() from gtest_main.cc
Note: Google Test filter = Trie.ConstructionDestruction
[==========] Running 1 test from 1 test case.
[----------] Global test environment set-up.
[----------] 1 test from Trie
[ RUN      ] Trie.ConstructionDestruction
[       OK ] Trie.ConstructionDestruction (8 ms)
[----------] 1 test from Trie (19 ms total)

[----------] Global test environment tear-down
[==========] 1 test from 1 test case ran. (75 ms total)
[  PASSED  ] 1 test.
==3866== 
==3866== HEAP SUMMARY:
==3866==     in use at exit: 72,936 bytes in 2 blocks
==3866==   total heap usage: 387 allocs, 385 frees, 131,173 bytes allocated
==3866== 
==3866== 232 bytes in 1 blocks are definitely lost in loss record 1 of 2
==3866==    at 0x4C2E17F: operator new(unsigned long) (in /usr/lib/valgrind/vgpreload_memcheck-amd64-linux.so)
==3866==    by 0x41E158: TrieSet::TrieSet() (Trie.cpp:14)
==3866==    by 0x407D08: Trie_ConstructionDestruction_Test::TestBody() (trie_tests.cpp:9)
==3866==    by 0x441EB2: void testing::internal::HandleExceptionsInMethodIfSupported<testing::Test, void>(testing::Test*, void (testing::Test::*)(), char const*) (in /home/cs104/hw-vischjag/hw8/hw8_tests/trie_tests/trie_tests)
==3866==    by 0x439C23: testing::Test::Run() [clone .part.368] (in /home/cs104/hw-vischjag/hw8/hw8_tests/trie_tests/trie_tests)
==3866==    by 0x439EDC: testing::TestInfo::Run() [clone .part.369] (in /home/cs104/hw-vischjag/hw8/hw8_tests/trie_tests/trie_tests)
==3866==    by 0x43A0C4: testing::TestCase::Run() [clone .part.370] (in /home/cs104/hw-vischjag/hw8/hw8_tests/trie_tests/trie_tests)
==3866==    by 0x43C570: testing::internal::UnitTestImpl::RunAllTests() [clone .part.371] [clone .constprop.426] (in /home/cs104/hw-vischjag/hw8/hw8_tests/trie_tests/trie_tests)
==3866==    by 0x43C980: testing::UnitTest::Run() (in /home/cs104/hw-vischjag/hw8/hw8_tests/trie_tests/trie_tests)
==3866==    by 0x40503F: main (in /home/cs104/hw-vischjag/hw8/hw8_tests/trie_tests/trie_tests)
==3866== 
==3866== LEAK SUMMARY:
==3866==    definitely lost: 232 bytes in 1 blocks
==3866==    indirectly lost: 0 bytes in 0 blocks
==3866==      possibly lost: 0 bytes in 0 blocks
==3866==    still reachable: 0 bytes in 0 blocks
==3866==         suppressed: 72,704 bytes in 1 blocks
==3866== 
==3866== For counts of detected and suppressed errors, rerun with: -v
==3866== ERROR SUMMARY: 1 errors from 1 contexts (suppressed: 0 from 0)
<end of output>
Test time =   1.40 sec
----------------------------------------------------------
Test Passed.
"Trie.ConstructionDestruction" end time: Dec 12 13:06 PST
"Trie.ConstructionDestruction" time elapsed: 00:00:01
----------------------------------------------------------

2/23 Testing: Trie.FindEmpty
2/23 Test: Trie.FindEmpty
Command: "/usr/bin/valgrind" "--tool=memcheck" "--leak-check=yes" "--trace-children=no" "/home/cs104/hw-vischjag/hw8/hw8_tests/trie_tests/trie_tests" "--gtest_filter=Trie.FindEmpty"
Directory: /home/cs104/hw-vischjag/hw8/hw8_tests/trie_tests
"Trie.FindEmpty" start time: Dec 12 13:06 PST
Output:
----------------------------------------------------------
==3875== Memcheck, a memory error detector
==3875== Copyright (C) 2002-2017, and GNU GPL'd, by Julian Seward et al.
==3875== Using Valgrind-3.13.0 and LibVEX; rerun with -h for copyright info
==3875== Command: /home/cs104/hw-vischjag/hw8/hw8_tests/trie_tests/trie_tests --gtest_filter=Trie.FindEmpty
==3875== 
Running main() from gtest_main.cc
Note: Google Test filter = Trie.FindEmpty
[==========] Running 1 test from 1 test case.
[----------] Global test environment set-up.
[----------] 1 test from Trie
[ RUN      ] Trie.FindEmpty
==3875== Conditional jump or move depends on uninitialised value(s)
==3875==    at 0x41E6C0: TrieSet::prefix(std::__cxx11::basic_string<char, std::char_traits<char>, std::allocator<char> >) (Trie.cpp:126)
==3875==    by 0x407D8D: Trie_FindEmpty_Test::TestBody() (trie_tests.cpp:16)
==3875==    by 0x441EB2: void testing::internal::HandleExceptionsInMethodIfSupported<testing::Test, void>(testing::Test*, void (testing::Test::*)(), char const*) (in /home/cs104/hw-vischjag/hw8/hw8_tests/trie_tests/trie_tests)
==3875==    by 0x439C23: testing::Test::Run() [clone .part.368] (in /home/cs104/hw-vischjag/hw8/hw8_tests/trie_tests/trie_tests)
==3875==    by 0x439EDC: testing::TestInfo::Run() [clone .part.369] (in /home/cs104/hw-vischjag/hw8/hw8_tests/trie_tests/trie_tests)
==3875==    by 0x43A0C4: testing::TestCase::Run() [clone .part.370] (in /home/cs104/hw-vischjag/hw8/hw8_tests/trie_tests/trie_tests)
==3875==    by 0x43C570: testing::internal::UnitTestImpl::RunAllTests() [clone .part.371] [clone .constprop.426] (in /home/cs104/hw-vischjag/hw8/hw8_tests/trie_tests/trie_tests)
==3875==    by 0x43C980: testing::UnitTest::Run() (in /home/cs104/hw-vischjag/hw8/hw8_tests/trie_tests/trie_tests)
==3875==    by 0x40503F: main (in /home/cs104/hw-vischjag/hw8/hw8_tests/trie_tests/trie_tests)
==3875== 
[       OK ] Trie.FindEmpty (13 ms)
[----------] 1 test from Trie (24 ms total)

[----------] Global test environment tear-down
[==========] 1 test from 1 test case ran. (86 ms total)
[  PASSED  ] 1 test.
==3875== 
==3875== HEAP SUMMARY:
==3875==     in use at exit: 72,936 bytes in 2 blocks
==3875==   total heap usage: 362 allocs, 360 frees, 130,300 bytes allocated
==3875== 
==3875== 232 bytes in 1 blocks are definitely lost in loss record 1 of 2
==3875==    at 0x4C2E17F: operator new(unsigned long) (in /usr/lib/valgrind/vgpreload_memcheck-amd64-linux.so)
==3875==    by 0x41E158: TrieSet::TrieSet() (Trie.cpp:14)
==3875==    by 0x407D59: Trie_FindEmpty_Test::TestBody() (trie_tests.cpp:14)
==3875==    by 0x441EB2: void testing::internal::HandleExceptionsInMethodIfSupported<testing::Test, void>(testing::Test*, void (testing::Test::*)(), char const*) (in /home/cs104/hw-vischjag/hw8/hw8_tests/trie_tests/trie_tests)
==3875==    by 0x439C23: testing::Test::Run() [clone .part.368] (in /home/cs104/hw-vischjag/hw8/hw8_tests/trie_tests/trie_tests)
==3875==    by 0x439EDC: testing::TestInfo::Run() [clone .part.369] (in /home/cs104/hw-vischjag/hw8/hw8_tests/trie_tests/trie_tests)
==3875==    by 0x43A0C4: testing::TestCase::Run() [clone .part.370] (in /home/cs104/hw-vischjag/hw8/hw8_tests/trie_tests/trie_tests)
==3875==    by 0x43C570: testing::internal::UnitTestImpl::RunAllTests() [clone .part.371] [clone .constprop.426] (in /home/cs104/hw-vischjag/hw8/hw8_tests/trie_tests/trie_tests)
==3875==    by 0x43C980: testing::UnitTest::Run() (in /home/cs104/hw-vischjag/hw8/hw8_tests/trie_tests/trie_tests)
==3875==    by 0x40503F: main (in /home/cs104/hw-vischjag/hw8/hw8_tests/trie_tests/trie_tests)
==3875== 
==3875== LEAK SUMMARY:
==3875==    definitely lost: 232 bytes in 1 blocks
==3875==    indirectly lost: 0 bytes in 0 blocks
==3875==      possibly lost: 0 bytes in 0 blocks
==3875==    still reachable: 0 bytes in 0 blocks
==3875==         suppressed: 72,704 bytes in 1 blocks
==3875== 
==3875== For counts of detected and suppressed errors, rerun with: -v
==3875== Use --track-origins=yes to see where uninitialised values come from
==3875== ERROR SUMMARY: 2 errors from 2 contexts (suppressed: 0 from 0)
<end of output>
Test time =   1.02 sec
----------------------------------------------------------
Test Passed.
"Trie.FindEmpty" end time: Dec 12 13:06 PST
"Trie.FindEmpty" time elapsed: 00:00:01
----------------------------------------------------------

3/23 Testing: TrieInsert.OneLetterFind
3/23 Test: TrieInsert.OneLetterFind
Command: "/usr/bin/valgrind" "--tool=memcheck" "--leak-check=yes" "--trace-children=no" "/home/cs104/hw-vischjag/hw8/hw8_tests/trie_tests/trie_tests" "--gtest_filter=TrieInsert.OneLetterFind"
Directory: /home/cs104/hw-vischjag/hw8/hw8_tests/trie_tests
"TrieInsert.OneLetterFind" start time: Dec 12 13:06 PST
Output:
----------------------------------------------------------
==3876== Memcheck, a memory error detector
==3876== Copyright (C) 2002-2017, and GNU GPL'd, by Julian Seward et al.
==3876== Using Valgrind-3.13.0 and LibVEX; rerun with -h for copyright info
==3876== Command: /home/cs104/hw-vischjag/hw8/hw8_tests/trie_tests/trie_tests --gtest_filter=TrieInsert.OneLetterFind
==3876== 
Running main() from gtest_main.cc
Note: Google Test filter = TrieInsert.OneLetterFind
[==========] Running 1 test from 1 test case.
[----------] Global test environment set-up.
[----------] 1 test from TrieInsert
[ RUN      ] TrieInsert.OneLetterFind
==3876== Conditional jump or move depends on uninitialised value(s)
==3876==    at 0x41E22F: TrieSet::insert(std::__cxx11::basic_string<char, std::char_traits<char>, std::allocator<char> >) (Trie.cpp:64)
==3876==    by 0x407F67: TrieInsert_OneLetterFind_Test::TestBody() (trie_tests.cpp:23)
==3876==    by 0x441EB2: void testing::internal::HandleExceptionsInMethodIfSupported<testing::Test, void>(testing::Test*, void (testing::Test::*)(), char const*) (in /home/cs104/hw-vischjag/hw8/hw8_tests/trie_tests/trie_tests)
==3876==    by 0x439C23: testing::Test::Run() [clone .part.368] (in /home/cs104/hw-vischjag/hw8/hw8_tests/trie_tests/trie_tests)
==3876==    by 0x439EDC: testing::TestInfo::Run() [clone .part.369] (in /home/cs104/hw-vischjag/hw8/hw8_tests/trie_tests/trie_tests)
==3876==    by 0x43A0C4: testing::TestCase::Run() [clone .part.370] (in /home/cs104/hw-vischjag/hw8/hw8_tests/trie_tests/trie_tests)
==3876==    by 0x43C570: testing::internal::UnitTestImpl::RunAllTests() [clone .part.371] [clone .constprop.426] (in /home/cs104/hw-vischjag/hw8/hw8_tests/trie_tests/trie_tests)
==3876==    by 0x43C980: testing::UnitTest::Run() (in /home/cs104/hw-vischjag/hw8/hw8_tests/trie_tests/trie_tests)
==3876==    by 0x40503F: main (in /home/cs104/hw-vischjag/hw8/hw8_tests/trie_tests/trie_tests)
==3876== 
[       OK ] TrieInsert.OneLetterFind (13 ms)
[----------] 1 test from TrieInsert (20 ms total)

[----------] Global test environment tear-down
[==========] 1 test from 1 test case ran. (51 ms total)
[  PASSED  ] 1 test.
==3876== 
==3876== HEAP SUMMARY:
==3876==     in use at exit: 73,168 bytes in 3 blocks
==3876==   total heap usage: 388 allocs, 385 frees, 131,377 bytes allocated
==3876== 
==3876== 464 (232 direct, 232 indirect) bytes in 1 blocks are definitely lost in loss record 2 of 3
==3876==    at 0x4C2E17F: operator new(unsigned long) (in /usr/lib/valgrind/vgpreload_memcheck-amd64-linux.so)
==3876==    by 0x41E158: TrieSet::TrieSet() (Trie.cpp:14)
==3876==    by 0x407F30: TrieInsert_OneLetterFind_Test::TestBody() (trie_tests.cpp:21)
==3876==    by 0x441EB2: void testing::internal::HandleExceptionsInMethodIfSupported<testing::Test, void>(testing::Test*, void (testing::Test::*)(), char const*) (in /home/cs104/hw-vischjag/hw8/hw8_tests/trie_tests/trie_tests)
==3876==    by 0x439C23: testing::Test::Run() [clone .part.368] (in /home/cs104/hw-vischjag/hw8/hw8_tests/trie_tests/trie_tests)
==3876==    by 0x439EDC: testing::TestInfo::Run() [clone .part.369] (in /home/cs104/hw-vischjag/hw8/hw8_tests/trie_tests/trie_tests)
==3876==    by 0x43A0C4: testing::TestCase::Run() [clone .part.370] (in /home/cs104/hw-vischjag/hw8/hw8_tests/trie_tests/trie_tests)
==3876==    by 0x43C570: testing::internal::UnitTestImpl::RunAllTests() [clone .part.371] [clone .constprop.426] (in /home/cs104/hw-vischjag/hw8/hw8_tests/trie_tests/trie_tests)
==3876==    by 0x43C980: testing::UnitTest::Run() (in /home/cs104/hw-vischjag/hw8/hw8_tests/trie_tests/trie_tests)
==3876==    by 0x40503F: main (in /home/cs104/hw-vischjag/hw8/hw8_tests/trie_tests/trie_tests)
==3876== 
==3876== LEAK SUMMARY:
==3876==    definitely lost: 232 bytes in 1 blocks
==3876==    indirectly lost: 232 bytes in 1 blocks
==3876==      possibly lost: 0 bytes in 0 blocks
==3876==    still reachable: 0 bytes in 0 blocks
==3876==         suppressed: 72,704 bytes in 1 blocks
==3876== 
==3876== For counts of detected and suppressed errors, rerun with: -v
==3876== Use --track-origins=yes to see where uninitialised values come from
==3876== ERROR SUMMARY: 2 errors from 2 contexts (suppressed: 0 from 0)
<end of output>
Test time =   1.02 sec
----------------------------------------------------------
Test Passed.
"TrieInsert.OneLetterFind" end time: Dec 12 13:06 PST
"TrieInsert.OneLetterFind" time elapsed: 00:00:01
----------------------------------------------------------

4/23 Testing: TrieInsert.OtherLetterFind
4/23 Test: TrieInsert.OtherLetterFind
Command: "/usr/bin/valgrind" "--tool=memcheck" "--leak-check=yes" "--trace-children=no" "/home/cs104/hw-vischjag/hw8/hw8_tests/trie_tests/trie_tests" "--gtest_filter=TrieInsert.OtherLetterFind"
Directory: /home/cs104/hw-vischjag/hw8/hw8_tests/trie_tests
"TrieInsert.OtherLetterFind" start time: Dec 12 13:06 PST
Output:
----------------------------------------------------------
==3878== Memcheck, a memory error detector
==3878== Copyright (C) 2002-2017, and GNU GPL'd, by Julian Seward et al.
==3878== Using Valgrind-3.13.0 and LibVEX; rerun with -h for copyright info
==3878== Command: /home/cs104/hw-vischjag/hw8/hw8_tests/trie_tests/trie_tests --gtest_filter=TrieInsert.OtherLetterFind
==3878== 
Running main() from gtest_main.cc
Note: Google Test filter = TrieInsert.OtherLetterFind
[==========] Running 1 test from 1 test case.
[----------] Global test environment set-up.
[----------] 1 test from TrieInsert
[ RUN      ] TrieInsert.OtherLetterFind
==3878== Conditional jump or move depends on uninitialised value(s)
==3878==    at 0x41E22F: TrieSet::insert(std::__cxx11::basic_string<char, std::char_traits<char>, std::allocator<char> >) (Trie.cpp:64)
==3878==    by 0x4081EB: TrieInsert_OtherLetterFind_Test::TestBody() (trie_tests.cpp:32)
==3878==    by 0x441EB2: void testing::internal::HandleExceptionsInMethodIfSupported<testing::Test, void>(testing::Test*, void (testing::Test::*)(), char const*) (in /home/cs104/hw-vischjag/hw8/hw8_tests/trie_tests/trie_tests)
==3878==    by 0x439C23: testing::Test::Run() [clone .part.368] (in /home/cs104/hw-vischjag/hw8/hw8_tests/trie_tests/trie_tests)
==3878==    by 0x439EDC: testing::TestInfo::Run() [clone .part.369] (in /home/cs104/hw-vischjag/hw8/hw8_tests/trie_tests/trie_tests)
==3878==    by 0x43A0C4: testing::TestCase::Run() [clone .part.370] (in /home/cs104/hw-vischjag/hw8/hw8_tests/trie_tests/trie_tests)
==3878==    by 0x43C570: testing::internal::UnitTestImpl::RunAllTests() [clone .part.371] [clone .constprop.426] (in /home/cs104/hw-vischjag/hw8/hw8_tests/trie_tests/trie_tests)
==3878==    by 0x43C980: testing::UnitTest::Run() (in /home/cs104/hw-vischjag/hw8/hw8_tests/trie_tests/trie_tests)
==3878==    by 0x40503F: main (in /home/cs104/hw-vischjag/hw8/hw8_tests/trie_tests/trie_tests)
==3878== 
==3878== Conditional jump or move depends on uninitialised value(s)
==3878==    at 0x41E6C0: TrieSet::prefix(std::__cxx11::basic_string<char, std::char_traits<char>, std::allocator<char> >) (Trie.cpp:126)
==3878==    by 0x40823A: TrieInsert_OtherLetterFind_Test::TestBody() (trie_tests.cpp:34)
==3878==    by 0x441EB2: void testing::internal::HandleExceptionsInMethodIfSupported<testing::Test, void>(testing::Test*, void (testing::Test::*)(), char const*) (in /home/cs104/hw-vischjag/hw8/hw8_tests/trie_tests/trie_tests)
==3878==    by 0x439C23: testing::Test::Run() [clone .part.368] (in /home/cs104/hw-vischjag/hw8/hw8_tests/trie_tests/trie_tests)
==3878==    by 0x439EDC: testing::TestInfo::Run() [clone .part.369] (in /home/cs104/hw-vischjag/hw8/hw8_tests/trie_tests/trie_tests)
==3878==    by 0x43A0C4: testing::TestCase::Run() [clone .part.370] (in /home/cs104/hw-vischjag/hw8/hw8_tests/trie_tests/trie_tests)
==3878==    by 0x43C570: testing::internal::UnitTestImpl::RunAllTests() [clone .part.371] [clone .constprop.426] (in /home/cs104/hw-vischjag/hw8/hw8_tests/trie_tests/trie_tests)
==3878==    by 0x43C980: testing::UnitTest::Run() (in /home/cs104/hw-vischjag/hw8/hw8_tests/trie_tests/trie_tests)
==3878==    by 0x40503F: main (in /home/cs104/hw-vischjag/hw8/hw8_tests/trie_tests/trie_tests)
==3878== 
[       OK ] TrieInsert.OtherLetterFind (16 ms)
[----------] 1 test from TrieInsert (26 ms total)

[----------] Global test environment tear-down
[==========] 1 test from 1 test case ran. (69 ms total)
[  PASSED  ] 1 test.
==3878== 
==3878== HEAP SUMMARY:
==3878==     in use at exit: 73,168 bytes in 3 blocks
==3878==   total heap usage: 388 allocs, 385 frees, 131,391 bytes allocated
==3878== 
==3878== 464 (232 direct, 232 indirect) bytes in 1 blocks are definitely lost in loss record 2 of 3
==3878==    at 0x4C2E17F: operator new(unsigned long) (in /usr/lib/valgrind/vgpreload_memcheck-amd64-linux.so)
==3878==    by 0x41E158: TrieSet::TrieSet() (Trie.cpp:14)
==3878==    by 0x4081B4: TrieInsert_OtherLetterFind_Test::TestBody() (trie_tests.cpp:30)
==3878==    by 0x441EB2: void testing::internal::HandleExceptionsInMethodIfSupported<testing::Test, void>(testing::Test*, void (testing::Test::*)(), char const*) (in /home/cs104/hw-vischjag/hw8/hw8_tests/trie_tests/trie_tests)
==3878==    by 0x439C23: testing::Test::Run() [clone .part.368] (in /home/cs104/hw-vischjag/hw8/hw8_tests/trie_tests/trie_tests)
==3878==    by 0x439EDC: testing::TestInfo::Run() [clone .part.369] (in /home/cs104/hw-vischjag/hw8/hw8_tests/trie_tests/trie_tests)
==3878==    by 0x43A0C4: testing::TestCase::Run() [clone .part.370] (in /home/cs104/hw-vischjag/hw8/hw8_tests/trie_tests/trie_tests)
==3878==    by 0x43C570: testing::internal::UnitTestImpl::RunAllTests() [clone .part.371] [clone .constprop.426] (in /home/cs104/hw-vischjag/hw8/hw8_tests/trie_tests/trie_tests)
==3878==    by 0x43C980: testing::UnitTest::Run() (in /home/cs104/hw-vischjag/hw8/hw8_tests/trie_tests/trie_tests)
==3878==    by 0x40503F: main (in /home/cs104/hw-vischjag/hw8/hw8_tests/trie_tests/trie_tests)
==3878== 
==3878== LEAK SUMMARY:
==3878==    definitely lost: 232 bytes in 1 blocks
==3878==    indirectly lost: 232 bytes in 1 blocks
==3878==      possibly lost: 0 bytes in 0 blocks
==3878==    still reachable: 0 bytes in 0 blocks
==3878==         suppressed: 72,704 bytes in 1 blocks
==3878== 
==3878== For counts of detected and suppressed errors, rerun with: -v
==3878== Use --track-origins=yes to see where uninitialised values come from
==3878== ERROR SUMMARY: 3 errors from 3 contexts (suppressed: 0 from 0)
<end of output>
Test time =   1.06 sec
----------------------------------------------------------
Test Passed.
"TrieInsert.OtherLetterFind" end time: Dec 12 13:06 PST
"TrieInsert.OtherLetterFind" time elapsed: 00:00:01
----------------------------------------------------------

5/23 Testing: TrieInsert.OneWordFind
5/23 Test: TrieInsert.OneWordFind
Command: "/usr/bin/valgrind" "--tool=memcheck" "--leak-check=yes" "--trace-children=no" "/home/cs104/hw-vischjag/hw8/hw8_tests/trie_tests/trie_tests" "--gtest_filter=TrieInsert.OneWordFind"
Directory: /home/cs104/hw-vischjag/hw8/hw8_tests/trie_tests
"TrieInsert.OneWordFind" start time: Dec 12 13:06 PST
Output:
----------------------------------------------------------
==3880== Memcheck, a memory error detector
==3880== Copyright (C) 2002-2017, and GNU GPL'd, by Julian Seward et al.
==3880== Using Valgrind-3.13.0 and LibVEX; rerun with -h for copyright info
==3880== Command: /home/cs104/hw-vischjag/hw8/hw8_tests/trie_tests/trie_tests --gtest_filter=TrieInsert.OneWordFind
==3880== 
Running main() from gtest_main.cc
Note: Google Test filter = TrieInsert.OneWordFind
[==========] Running 1 test from 1 test case.
[----------] Global test environment set-up.
[----------] 1 test from TrieInsert
[ RUN      ] TrieInsert.OneWordFind
==3880== Conditional jump or move depends on uninitialised value(s)
==3880==    at 0x41E22F: TrieSet::insert(std::__cxx11::basic_string<char, std::char_traits<char>, std::allocator<char> >) (Trie.cpp:64)
==3880==    by 0x408455: TrieInsert_OneWordFind_Test::TestBody() (trie_tests.cpp:41)
==3880==    by 0x441EB2: void testing::internal::HandleExceptionsInMethodIfSupported<testing::Test, void>(testing::Test*, void (testing::Test::*)(), char const*) (in /home/cs104/hw-vischjag/hw8/hw8_tests/trie_tests/trie_tests)
==3880==    by 0x439C23: testing::Test::Run() [clone .part.368] (in /home/cs104/hw-vischjag/hw8/hw8_tests/trie_tests/trie_tests)
==3880==    by 0x439EDC: testing::TestInfo::Run() [clone .part.369] (in /home/cs104/hw-vischjag/hw8/hw8_tests/trie_tests/trie_tests)
==3880==    by 0x43A0C4: testing::TestCase::Run() [clone .part.370] (in /home/cs104/hw-vischjag/hw8/hw8_tests/trie_tests/trie_tests)
==3880==    by 0x43C570: testing::internal::UnitTestImpl::RunAllTests() [clone .part.371] [clone .constprop.426] (in /home/cs104/hw-vischjag/hw8/hw8_tests/trie_tests/trie_tests)
==3880==    by 0x43C980: testing::UnitTest::Run() (in /home/cs104/hw-vischjag/hw8/hw8_tests/trie_tests/trie_tests)
==3880==    by 0x40503F: main (in /home/cs104/hw-vischjag/hw8/hw8_tests/trie_tests/trie_tests)
==3880== 
[       OK ] TrieInsert.OneWordFind (15 ms)
[----------] 1 test from TrieInsert (24 ms total)

[----------] Global test environment tear-down
[==========] 1 test from 1 test case ran. (66 ms total)
[  PASSED  ] 1 test.
==3880== 
==3880== HEAP SUMMARY:
==3880==     in use at exit: 73,632 bytes in 5 blocks
==3880==   total heap usage: 390 allocs, 385 frees, 131,827 bytes allocated
==3880== 
==3880== 928 (232 direct, 696 indirect) bytes in 1 blocks are definitely lost in loss record 2 of 3
==3880==    at 0x4C2E17F: operator new(unsigned long) (in /usr/lib/valgrind/vgpreload_memcheck-amd64-linux.so)
==3880==    by 0x41E158: TrieSet::TrieSet() (Trie.cpp:14)
==3880==    by 0x408418: TrieInsert_OneWordFind_Test::TestBody() (trie_tests.cpp:39)
==3880==    by 0x441EB2: void testing::internal::HandleExceptionsInMethodIfSupported<testing::Test, void>(testing::Test*, void (testing::Test::*)(), char const*) (in /home/cs104/hw-vischjag/hw8/hw8_tests/trie_tests/trie_tests)
==3880==    by 0x439C23: testing::Test::Run() [clone .part.368] (in /home/cs104/hw-vischjag/hw8/hw8_tests/trie_tests/trie_tests)
==3880==    by 0x439EDC: testing::TestInfo::Run() [clone .part.369] (in /home/cs104/hw-vischjag/hw8/hw8_tests/trie_tests/trie_tests)
==3880==    by 0x43A0C4: testing::TestCase::Run() [clone .part.370] (in /home/cs104/hw-vischjag/hw8/hw8_tests/trie_tests/trie_tests)
==3880==    by 0x43C570: testing::internal::UnitTestImpl::RunAllTests() [clone .part.371] [clone .constprop.426] (in /home/cs104/hw-vischjag/hw8/hw8_tests/trie_tests/trie_tests)
==3880==    by 0x43C980: testing::UnitTest::Run() (in /home/cs104/hw-vischjag/hw8/hw8_tests/trie_tests/trie_tests)
==3880==    by 0x40503F: main (in /home/cs104/hw-vischjag/hw8/hw8_tests/trie_tests/trie_tests)
==3880== 
==3880== LEAK SUMMARY:
==3880==    definitely lost: 232 bytes in 1 blocks
==3880==    indirectly lost: 696 bytes in 3 blocks
==3880==      possibly lost: 0 bytes in 0 blocks
==3880==    still reachable: 0 bytes in 0 blocks
==3880==         suppressed: 72,704 bytes in 1 blocks
==3880== 
==3880== For counts of detected and suppressed errors, rerun with: -v
==3880== Use --track-origins=yes to see where uninitialised values come from
==3880== ERROR SUMMARY: 4 errors from 2 contexts (suppressed: 0 from 0)
<end of output>
Test time =   0.90 sec
----------------------------------------------------------
Test Passed.
"TrieInsert.OneWordFind" end time: Dec 12 13:06 PST
"TrieInsert.OneWordFind" time elapsed: 00:00:00
----------------------------------------------------------

6/23 Testing: TrieInsert.Substring
6/23 Test: TrieInsert.Substring
Command: "/usr/bin/valgrind" "--tool=memcheck" "--leak-check=yes" "--trace-children=no" "/home/cs104/hw-vischjag/hw8/hw8_tests/trie_tests/trie_tests" "--gtest_filter=TrieInsert.Substring"
Directory: /home/cs104/hw-vischjag/hw8/hw8_tests/trie_tests
"TrieInsert.Substring" start time: Dec 12 13:06 PST
Output:
----------------------------------------------------------
==3883== Memcheck, a memory error detector
==3883== Copyright (C) 2002-2017, and GNU GPL'd, by Julian Seward et al.
==3883== Using Valgrind-3.13.0 and LibVEX; rerun with -h for copyright info
==3883== Command: /home/cs104/hw-vischjag/hw8/hw8_tests/trie_tests/trie_tests --gtest_filter=TrieInsert.Substring
==3883== 
Running main() from gtest_main.cc
Note: Google Test filter = TrieInsert.Substring
[==========] Running 1 test from 1 test case.
[----------] Global test environment set-up.
[----------] 1 test from TrieInsert
[ RUN      ] TrieInsert.Substring
==3883== Conditional jump or move depends on uninitialised value(s)
==3883==    at 0x41E22F: TrieSet::insert(std::__cxx11::basic_string<char, std::char_traits<char>, std::allocator<char> >) (Trie.cpp:64)
==3883==    by 0x408857: TrieInsert_Substring_Test::TestBody() (trie_tests.cpp:50)
==3883==    by 0x441EB2: void testing::internal::HandleExceptionsInMethodIfSupported<testing::Test, void>(testing::Test*, void (testing::Test::*)(), char const*) (in /home/cs104/hw-vischjag/hw8/hw8_tests/trie_tests/trie_tests)
==3883==    by 0x439C23: testing::Test::Run() [clone .part.368] (in /home/cs104/hw-vischjag/hw8/hw8_tests/trie_tests/trie_tests)
==3883==    by 0x439EDC: testing::TestInfo::Run() [clone .part.369] (in /home/cs104/hw-vischjag/hw8/hw8_tests/trie_tests/trie_tests)
==3883==    by 0x43A0C4: testing::TestCase::Run() [clone .part.370] (in /home/cs104/hw-vischjag/hw8/hw8_tests/trie_tests/trie_tests)
==3883==    by 0x43C570: testing::internal::UnitTestImpl::RunAllTests() [clone .part.371] [clone .constprop.426] (in /home/cs104/hw-vischjag/hw8/hw8_tests/trie_tests/trie_tests)
==3883==    by 0x43C980: testing::UnitTest::Run() (in /home/cs104/hw-vischjag/hw8/hw8_tests/trie_tests/trie_tests)
==3883==    by 0x40503F: main (in /home/cs104/hw-vischjag/hw8/hw8_tests/trie_tests/trie_tests)
==3883== 
[       OK ] TrieInsert.Substring (15 ms)
[----------] 1 test from TrieInsert (20 ms total)

[----------] Global test environment tear-down
[==========] 1 test from 1 test case ran. (49 ms total)
[  PASSED  ] 1 test.
==3883== 
==3883== HEAP SUMMARY:
==3883==     in use at exit: 74,328 bytes in 8 blocks
==3883==   total heap usage: 393 allocs, 385 frees, 132,509 bytes allocated
==3883== 
==3883== 1,624 (232 direct, 1,392 indirect) bytes in 1 blocks are definitely lost in loss record 2 of 3
==3883==    at 0x4C2E17F: operator new(unsigned long) (in /usr/lib/valgrind/vgpreload_memcheck-amd64-linux.so)
==3883==    by 0x41E158: TrieSet::TrieSet() (Trie.cpp:14)
==3883==    by 0x408814: TrieInsert_Substring_Test::TestBody() (trie_tests.cpp:48)
==3883==    by 0x441EB2: void testing::internal::HandleExceptionsInMethodIfSupported<testing::Test, void>(testing::Test*, void (testing::Test::*)(), char const*) (in /home/cs104/hw-vischjag/hw8/hw8_tests/trie_tests/trie_tests)
==3883==    by 0x439C23: testing::Test::Run() [clone .part.368] (in /home/cs104/hw-vischjag/hw8/hw8_tests/trie_tests/trie_tests)
==3883==    by 0x439EDC: testing::TestInfo::Run() [clone .part.369] (in /home/cs104/hw-vischjag/hw8/hw8_tests/trie_tests/trie_tests)
==3883==    by 0x43A0C4: testing::TestCase::Run() [clone .part.370] (in /home/cs104/hw-vischjag/hw8/hw8_tests/trie_tests/trie_tests)
==3883==    by 0x43C570: testing::internal::UnitTestImpl::RunAllTests() [clone .part.371] [clone .constprop.426] (in /home/cs104/hw-vischjag/hw8/hw8_tests/trie_tests/trie_tests)
==3883==    by 0x43C980: testing::UnitTest::Run() (in /home/cs104/hw-vischjag/hw8/hw8_tests/trie_tests/trie_tests)
==3883==    by 0x40503F: main (in /home/cs104/hw-vischjag/hw8/hw8_tests/trie_tests/trie_tests)
==3883== 
==3883== LEAK SUMMARY:
==3883==    definitely lost: 232 bytes in 1 blocks
==3883==    indirectly lost: 1,392 bytes in 6 blocks
==3883==      possibly lost: 0 bytes in 0 blocks
==3883==    still reachable: 0 bytes in 0 blocks
==3883==         suppressed: 72,704 bytes in 1 blocks
==3883== 
==3883== For counts of detected and suppressed errors, rerun with: -v
==3883== Use --track-origins=yes to see where uninitialised values come from
==3883== ERROR SUMMARY: 7 errors from 2 contexts (suppressed: 0 from 0)
<end of output>
Test time =   0.87 sec
----------------------------------------------------------
Test Passed.
"TrieInsert.Substring" end time: Dec 12 13:06 PST
"TrieInsert.Substring" time elapsed: 00:00:00
----------------------------------------------------------

7/23 Testing: TrieInsert.SubstringInsert
7/23 Test: TrieInsert.SubstringInsert
Command: "/usr/bin/valgrind" "--tool=memcheck" "--leak-check=yes" "--trace-children=no" "/home/cs104/hw-vischjag/hw8/hw8_tests/trie_tests/trie_tests" "--gtest_filter=TrieInsert.SubstringInsert"
Directory: /home/cs104/hw-vischjag/hw8/hw8_tests/trie_tests
"TrieInsert.SubstringInsert" start time: Dec 12 13:06 PST
Output:
----------------------------------------------------------
==3884== Memcheck, a memory error detector
==3884== Copyright (C) 2002-2017, and GNU GPL'd, by Julian Seward et al.
==3884== Using Valgrind-3.13.0 and LibVEX; rerun with -h for copyright info
==3884== Command: /home/cs104/hw-vischjag/hw8/hw8_tests/trie_tests/trie_tests --gtest_filter=TrieInsert.SubstringInsert
==3884== 
Running main() from gtest_main.cc
Note: Google Test filter = TrieInsert.SubstringInsert
[==========] Running 1 test from 1 test case.
[----------] Global test environment set-up.
[----------] 1 test from TrieInsert
[ RUN      ] TrieInsert.SubstringInsert
==3884== Conditional jump or move depends on uninitialised value(s)
==3884==    at 0x41E22F: TrieSet::insert(std::__cxx11::basic_string<char, std::char_traits<char>, std::allocator<char> >) (Trie.cpp:64)
==3884==    by 0x408F61: TrieInsert_SubstringInsert_Test::TestBody() (trie_tests.cpp:60)
==3884==    by 0x441EB2: void testing::internal::HandleExceptionsInMethodIfSupported<testing::Test, void>(testing::Test*, void (testing::Test::*)(), char const*) (in /home/cs104/hw-vischjag/hw8/hw8_tests/trie_tests/trie_tests)
==3884==    by 0x439C23: testing::Test::Run() [clone .part.368] (in /home/cs104/hw-vischjag/hw8/hw8_tests/trie_tests/trie_tests)
==3884==    by 0x439EDC: testing::TestInfo::Run() [clone .part.369] (in /home/cs104/hw-vischjag/hw8/hw8_tests/trie_tests/trie_tests)
==3884==    by 0x43A0C4: testing::TestCase::Run() [clone .part.370] (in /home/cs104/hw-vischjag/hw8/hw8_tests/trie_tests/trie_tests)
==3884==    by 0x43C570: testing::internal::UnitTestImpl::RunAllTests() [clone .part.371] [clone .constprop.426] (in /home/cs104/hw-vischjag/hw8/hw8_tests/trie_tests/trie_tests)
==3884==    by 0x43C980: testing::UnitTest::Run() (in /home/cs104/hw-vischjag/hw8/hw8_tests/trie_tests/trie_tests)
==3884==    by 0x40503F: main (in /home/cs104/hw-vischjag/hw8/hw8_tests/trie_tests/trie_tests)
==3884== 
[       OK ] TrieInsert.SubstringInsert (16 ms)
[----------] 1 test from TrieInsert (23 ms total)

[----------] Global test environment tear-down
[==========] 1 test from 1 test case ran. (51 ms total)
[  PASSED  ] 1 test.
==3884== 
==3884== HEAP SUMMARY:
==3884==     in use at exit: 74,328 bytes in 8 blocks
==3884==   total heap usage: 393 allocs, 385 frees, 132,551 bytes allocated
==3884== 
==3884== 1,624 (232 direct, 1,392 indirect) bytes in 1 blocks are definitely lost in loss record 2 of 3
==3884==    at 0x4C2E17F: operator new(unsigned long) (in /usr/lib/valgrind/vgpreload_memcheck-amd64-linux.so)
==3884==    by 0x41E158: TrieSet::TrieSet() (Trie.cpp:14)
==3884==    by 0x408F1E: TrieInsert_SubstringInsert_Test::TestBody() (trie_tests.cpp:58)
==3884==    by 0x441EB2: void testing::internal::HandleExceptionsInMethodIfSupported<testing::Test, void>(testing::Test*, void (testing::Test::*)(), char const*) (in /home/cs104/hw-vischjag/hw8/hw8_tests/trie_tests/trie_tests)
==3884==    by 0x439C23: testing::Test::Run() [clone .part.368] (in /home/cs104/hw-vischjag/hw8/hw8_tests/trie_tests/trie_tests)
==3884==    by 0x439EDC: testing::TestInfo::Run() [clone .part.369] (in /home/cs104/hw-vischjag/hw8/hw8_tests/trie_tests/trie_tests)
==3884==    by 0x43A0C4: testing::TestCase::Run() [clone .part.370] (in /home/cs104/hw-vischjag/hw8/hw8_tests/trie_tests/trie_tests)
==3884==    by 0x43C570: testing::internal::UnitTestImpl::RunAllTests() [clone .part.371] [clone .constprop.426] (in /home/cs104/hw-vischjag/hw8/hw8_tests/trie_tests/trie_tests)
==3884==    by 0x43C980: testing::UnitTest::Run() (in /home/cs104/hw-vischjag/hw8/hw8_tests/trie_tests/trie_tests)
==3884==    by 0x40503F: main (in /home/cs104/hw-vischjag/hw8/hw8_tests/trie_tests/trie_tests)
==3884== 
==3884== LEAK SUMMARY:
==3884==    definitely lost: 232 bytes in 1 blocks
==3884==    indirectly lost: 1,392 bytes in 6 blocks
==3884==      possibly lost: 0 bytes in 0 blocks
==3884==    still reachable: 0 bytes in 0 blocks
==3884==         suppressed: 72,704 bytes in 1 blocks
==3884== 
==3884== For counts of detected and suppressed errors, rerun with: -v
==3884== Use --track-origins=yes to see where uninitialised values come from
==3884== ERROR SUMMARY: 7 errors from 2 contexts (suppressed: 0 from 0)
<end of output>
Test time =   0.86 sec
----------------------------------------------------------
Test Passed.
"TrieInsert.SubstringInsert" end time: Dec 12 13:06 PST
"TrieInsert.SubstringInsert" time elapsed: 00:00:00
----------------------------------------------------------

8/23 Testing: TrieInsert.SplitTree
8/23 Test: TrieInsert.SplitTree
Command: "/usr/bin/valgrind" "--tool=memcheck" "--leak-check=yes" "--trace-children=no" "/home/cs104/hw-vischjag/hw8/hw8_tests/trie_tests/trie_tests" "--gtest_filter=TrieInsert.SplitTree"
Directory: /home/cs104/hw-vischjag/hw8/hw8_tests/trie_tests
"TrieInsert.SplitTree" start time: Dec 12 13:06 PST
Output:
----------------------------------------------------------
==3885== Memcheck, a memory error detector
==3885== Copyright (C) 2002-2017, and GNU GPL'd, by Julian Seward et al.
==3885== Using Valgrind-3.13.0 and LibVEX; rerun with -h for copyright info
==3885== Command: /home/cs104/hw-vischjag/hw8/hw8_tests/trie_tests/trie_tests --gtest_filter=TrieInsert.SplitTree
==3885== 
Running main() from gtest_main.cc
Note: Google Test filter = TrieInsert.SplitTree
[==========] Running 1 test from 1 test case.
[----------] Global test environment set-up.
[----------] 1 test from TrieInsert
[ RUN      ] TrieInsert.SplitTree
==3885== Conditional jump or move depends on uninitialised value(s)
==3885==    at 0x41E22F: TrieSet::insert(std::__cxx11::basic_string<char, std::char_traits<char>, std::allocator<char> >) (Trie.cpp:64)
==3885==    by 0x409A03: TrieInsert_SplitTree_Test::TestBody() (trie_tests.cpp:75)
==3885==    by 0x441EB2: void testing::internal::HandleExceptionsInMethodIfSupported<testing::Test, void>(testing::Test*, void (testing::Test::*)(), char const*) (in /home/cs104/hw-vischjag/hw8/hw8_tests/trie_tests/trie_tests)
==3885==    by 0x439C23: testing::Test::Run() [clone .part.368] (in /home/cs104/hw-vischjag/hw8/hw8_tests/trie_tests/trie_tests)
==3885==    by 0x439EDC: testing::TestInfo::Run() [clone .part.369] (in /home/cs104/hw-vischjag/hw8/hw8_tests/trie_tests/trie_tests)
==3885==    by 0x43A0C4: testing::TestCase::Run() [clone .part.370] (in /home/cs104/hw-vischjag/hw8/hw8_tests/trie_tests/trie_tests)
==3885==    by 0x43C570: testing::internal::UnitTestImpl::RunAllTests() [clone .part.371] [clone .constprop.426] (in /home/cs104/hw-vischjag/hw8/hw8_tests/trie_tests/trie_tests)
==3885==    by 0x43C980: testing::UnitTest::Run() (in /home/cs104/hw-vischjag/hw8/hw8_tests/trie_tests/trie_tests)
==3885==    by 0x40503F: main (in /home/cs104/hw-vischjag/hw8/hw8_tests/trie_tests/trie_tests)
==3885== 
==3885== Conditional jump or move depends on uninitialised value(s)
==3885==    at 0x41E22F: TrieSet::insert(std::__cxx11::basic_string<char, std::char_traits<char>, std::allocator<char> >) (Trie.cpp:64)
==3885==    by 0x409A64: TrieInsert_SplitTree_Test::TestBody() (trie_tests.cpp:76)
==3885==    by 0x441EB2: void testing::internal::HandleExceptionsInMethodIfSupported<testing::Test, void>(testing::Test*, void (testing::Test::*)(), char const*) (in /home/cs104/hw-vischjag/hw8/hw8_tests/trie_tests/trie_tests)
==3885==    by 0x439C23: testing::Test::Run() [clone .part.368] (in /home/cs104/hw-vischjag/hw8/hw8_tests/trie_tests/trie_tests)
==3885==    by 0x439EDC: testing::TestInfo::Run() [clone .part.369] (in /home/cs104/hw-vischjag/hw8/hw8_tests/trie_tests/trie_tests)
==3885==    by 0x43A0C4: testing::TestCase::Run() [clone .part.370] (in /home/cs104/hw-vischjag/hw8/hw8_tests/trie_tests/trie_tests)
==3885==    by 0x43C570: testing::internal::UnitTestImpl::RunAllTests() [clone .part.371] [clone .constprop.426] (in /home/cs104/hw-vischjag/hw8/hw8_tests/trie_tests/trie_tests)
==3885==    by 0x43C980: testing::UnitTest::Run() (in /home/cs104/hw-vischjag/hw8/hw8_tests/trie_tests/trie_tests)
==3885==    by 0x40503F: main (in /home/cs104/hw-vischjag/hw8/hw8_tests/trie_tests/trie_tests)
==3885== 
[       OK ] TrieInsert.SplitTree (22 ms)
[----------] 1 test from TrieInsert (32 ms total)

[----------] Global test environment tear-down
[==========] 1 test from 1 test case ran. (65 ms total)
[  PASSED  ] 1 test.
==3885== 
==3885== HEAP SUMMARY:
==3885==     in use at exit: 75,256 bytes in 12 blocks
==3885==   total heap usage: 397 allocs, 385 frees, 133,437 bytes allocated
==3885== 
==3885== 2,552 (232 direct, 2,320 indirect) bytes in 1 blocks are definitely lost in loss record 3 of 4
==3885==    at 0x4C2E17F: operator new(unsigned long) (in /usr/lib/valgrind/vgpreload_memcheck-amd64-linux.so)
==3885==    by 0x41E158: TrieSet::TrieSet() (Trie.cpp:14)
==3885==    by 0x4099C0: TrieInsert_SplitTree_Test::TestBody() (trie_tests.cpp:73)
==3885==    by 0x441EB2: void testing::internal::HandleExceptionsInMethodIfSupported<testing::Test, void>(testing::Test*, void (testing::Test::*)(), char const*) (in /home/cs104/hw-vischjag/hw8/hw8_tests/trie_tests/trie_tests)
==3885==    by 0x439C23: testing::Test::Run() [clone .part.368] (in /home/cs104/hw-vischjag/hw8/hw8_tests/trie_tests/trie_tests)
==3885==    by 0x439EDC: testing::TestInfo::Run() [clone .part.369] (in /home/cs104/hw-vischjag/hw8/hw8_tests/trie_tests/trie_tests)
==3885==    by 0x43A0C4: testing::TestCase::Run() [clone .part.370] (in /home/cs104/hw-vischjag/hw8/hw8_tests/trie_tests/trie_tests)
==3885==    by 0x43C570: testing::internal::UnitTestImpl::RunAllTests() [clone .part.371] [clone .constprop.426] (in /home/cs104/hw-vischjag/hw8/hw8_tests/trie_tests/trie_tests)
==3885==    by 0x43C980: testing::UnitTest::Run() (in /home/cs104/hw-vischjag/hw8/hw8_tests/trie_tests/trie_tests)
==3885==    by 0x40503F: main (in /home/cs104/hw-vischjag/hw8/hw8_tests/trie_tests/trie_tests)
==3885== 
==3885== LEAK SUMMARY:
==3885==    definitely lost: 232 bytes in 1 blocks
==3885==    indirectly lost: 2,320 bytes in 10 blocks
==3885==      possibly lost: 0 bytes in 0 blocks
==3885==    still reachable: 0 bytes in 0 blocks
==3885==         suppressed: 72,704 bytes in 1 blocks
==3885== 
==3885== For counts of detected and suppressed errors, rerun with: -v
==3885== Use --track-origins=yes to see where uninitialised values come from
==3885== ERROR SUMMARY: 11 errors from 3 contexts (suppressed: 0 from 0)
<end of output>
Test time =   0.99 sec
----------------------------------------------------------
Test Passed.
"TrieInsert.SplitTree" end time: Dec 12 13:06 PST
"TrieInsert.SplitTree" time elapsed: 00:00:00
----------------------------------------------------------

9/23 Testing: TrieRemove.Empty
9/23 Test: TrieRemove.Empty
Command: "/usr/bin/valgrind" "--tool=memcheck" "--leak-check=yes" "--trace-children=no" "/home/cs104/hw-vischjag/hw8/hw8_tests/trie_tests/trie_tests" "--gtest_filter=TrieRemove.Empty"
Directory: /home/cs104/hw-vischjag/hw8/hw8_tests/trie_tests
"TrieRemove.Empty" start time: Dec 12 13:06 PST
Output:
----------------------------------------------------------
==3886== Memcheck, a memory error detector
==3886== Copyright (C) 2002-2017, and GNU GPL'd, by Julian Seward et al.
==3886== Using Valgrind-3.13.0 and LibVEX; rerun with -h for copyright info
==3886== Command: /home/cs104/hw-vischjag/hw8/hw8_tests/trie_tests/trie_tests --gtest_filter=TrieRemove.Empty
==3886== 
Running main() from gtest_main.cc
Note: Google Test filter = TrieRemove.Empty
[==========] Running 1 test from 1 test case.
[----------] Global test environment set-up.
[----------] 1 test from TrieRemove
[ RUN      ] TrieRemove.Empty
==3886== Conditional jump or move depends on uninitialised value(s)
==3886==    at 0x41E412: TrieSet::remove(std::__cxx11::basic_string<char, std::char_traits<char>, std::allocator<char> >) (Trie.cpp:88)
==3886==    by 0x40A499: TrieRemove_Empty_Test::TestBody() (trie_tests.cpp:87)
==3886==    by 0x441EB2: void testing::internal::HandleExceptionsInMethodIfSupported<testing::Test, void>(testing::Test*, void (testing::Test::*)(), char const*) (in /home/cs104/hw-vischjag/hw8/hw8_tests/trie_tests/trie_tests)
==3886==    by 0x439C23: testing::Test::Run() [clone .part.368] (in /home/cs104/hw-vischjag/hw8/hw8_tests/trie_tests/trie_tests)
==3886==    by 0x439EDC: testing::TestInfo::Run() [clone .part.369] (in /home/cs104/hw-vischjag/hw8/hw8_tests/trie_tests/trie_tests)
==3886==    by 0x43A0C4: testing::TestCase::Run() [clone .part.370] (in /home/cs104/hw-vischjag/hw8/hw8_tests/trie_tests/trie_tests)
==3886==    by 0x43C570: testing::internal::UnitTestImpl::RunAllTests() [clone .part.371] [clone .constprop.426] (in /home/cs104/hw-vischjag/hw8/hw8_tests/trie_tests/trie_tests)
==3886==    by 0x43C980: testing::UnitTest::Run() (in /home/cs104/hw-vischjag/hw8/hw8_tests/trie_tests/trie_tests)
==3886==    by 0x40503F: main (in /home/cs104/hw-vischjag/hw8/hw8_tests/trie_tests/trie_tests)
==3886== 
==3886== Conditional jump or move depends on uninitialised value(s)
==3886==    at 0x41E6C0: TrieSet::prefix(std::__cxx11::basic_string<char, std::char_traits<char>, std::allocator<char> >) (Trie.cpp:126)
==3886==    by 0x40A4E8: TrieRemove_Empty_Test::TestBody() (trie_tests.cpp:89)
==3886==    by 0x441EB2: void testing::internal::HandleExceptionsInMethodIfSupported<testing::Test, void>(testing::Test*, void (testing::Test::*)(), char const*) (in /home/cs104/hw-vischjag/hw8/hw8_tests/trie_tests/trie_tests)
==3886==    by 0x439C23: testing::Test::Run() [clone .part.368] (in /home/cs104/hw-vischjag/hw8/hw8_tests/trie_tests/trie_tests)
==3886==    by 0x439EDC: testing::TestInfo::Run() [clone .part.369] (in /home/cs104/hw-vischjag/hw8/hw8_tests/trie_tests/trie_tests)
==3886==    by 0x43A0C4: testing::TestCase::Run() [clone .part.370] (in /home/cs104/hw-vischjag/hw8/hw8_tests/trie_tests/trie_tests)
==3886==    by 0x43C570: testing::internal::UnitTestImpl::RunAllTests() [clone .part.371] [clone .constprop.426] (in /home/cs104/hw-vischjag/hw8/hw8_tests/trie_tests/trie_tests)
==3886==    by 0x43C980: testing::UnitTest::Run() (in /home/cs104/hw-vischjag/hw8/hw8_tests/trie_tests/trie_tests)
==3886==    by 0x40503F: main (in /home/cs104/hw-vischjag/hw8/hw8_tests/trie_tests/trie_tests)
==3886== 
[       OK ] TrieRemove.Empty (28 ms)
[----------] 1 test from TrieRemove (36 ms total)

[----------] Global test environment tear-down
[==========] 1 test from 1 test case ran. (70 ms total)
[  PASSED  ] 1 test.
==3886== 
==3886== HEAP SUMMARY:
==3886==     in use at exit: 72,936 bytes in 2 blocks
==3886==   total heap usage: 393 allocs, 391 frees, 132,311 bytes allocated
==3886== 
==3886== 232 bytes in 1 blocks are definitely lost in loss record 1 of 2
==3886==    at 0x4C2E17F: operator new(unsigned long) (in /usr/lib/valgrind/vgpreload_memcheck-amd64-linux.so)
==3886==    by 0x41E158: TrieSet::TrieSet() (Trie.cpp:14)
==3886==    by 0x40A462: TrieRemove_Empty_Test::TestBody() (trie_tests.cpp:85)
==3886==    by 0x441EB2: void testing::internal::HandleExceptionsInMethodIfSupported<testing::Test, void>(testing::Test*, void (testing::Test::*)(), char const*) (in /home/cs104/hw-vischjag/hw8/hw8_tests/trie_tests/trie_tests)
==3886==    by 0x439C23: testing::Test::Run() [clone .part.368] (in /home/cs104/hw-vischjag/hw8/hw8_tests/trie_tests/trie_tests)
==3886==    by 0x439EDC: testing::TestInfo::Run() [clone .part.369] (in /home/cs104/hw-vischjag/hw8/hw8_tests/trie_tests/trie_tests)
==3886==    by 0x43A0C4: testing::TestCase::Run() [clone .part.370] (in /home/cs104/hw-vischjag/hw8/hw8_tests/trie_tests/trie_tests)
==3886==    by 0x43C570: testing::internal::UnitTestImpl::RunAllTests() [clone .part.371] [clone .constprop.426] (in /home/cs104/hw-vischjag/hw8/hw8_tests/trie_tests/trie_tests)
==3886==    by 0x43C980: testing::UnitTest::Run() (in /home/cs104/hw-vischjag/hw8/hw8_tests/trie_tests/trie_tests)
==3886==    by 0x40503F: main (in /home/cs104/hw-vischjag/hw8/hw8_tests/trie_tests/trie_tests)
==3886== 
==3886== LEAK SUMMARY:
==3886==    definitely lost: 232 bytes in 1 blocks
==3886==    indirectly lost: 0 bytes in 0 blocks
==3886==      possibly lost: 0 bytes in 0 blocks
==3886==    still reachable: 0 bytes in 0 blocks
==3886==         suppressed: 72,704 bytes in 1 blocks
==3886== 
==3886== For counts of detected and suppressed errors, rerun with: -v
==3886== Use --track-origins=yes to see where uninitialised values come from
==3886== ERROR SUMMARY: 3 errors from 3 contexts (suppressed: 0 from 0)
<end of output>
Test time =   1.21 sec
----------------------------------------------------------
Test Passed.
"TrieRemove.Empty" end time: Dec 12 13:07 PST
"TrieRemove.Empty" time elapsed: 00:00:01
----------------------------------------------------------

10/23 Testing: TrieRemove.Nonexistant
10/23 Test: TrieRemove.Nonexistant
Command: "/usr/bin/valgrind" "--tool=memcheck" "--leak-check=yes" "--trace-children=no" "/home/cs104/hw-vischjag/hw8/hw8_tests/trie_tests/trie_tests" "--gtest_filter=TrieRemove.Nonexistant"
Directory: /home/cs104/hw-vischjag/hw8/hw8_tests/trie_tests
"TrieRemove.Nonexistant" start time: Dec 12 13:07 PST
Output:
----------------------------------------------------------
==3894== Memcheck, a memory error detector
==3894== Copyright (C) 2002-2017, and GNU GPL'd, by Julian Seward et al.
==3894== Using Valgrind-3.13.0 and LibVEX; rerun with -h for copyright info
==3894== Command: /home/cs104/hw-vischjag/hw8/hw8_tests/trie_tests/trie_tests --gtest_filter=TrieRemove.Nonexistant
==3894== 
Running main() from gtest_main.cc
Note: Google Test filter = TrieRemove.Nonexistant
[==========] Running 1 test from 1 test case.
[----------] Global test environment set-up.
[----------] 1 test from TrieRemove
[ RUN      ] TrieRemove.Nonexistant
==3894== Conditional jump or move depends on uninitialised value(s)
==3894==    at 0x41E22F: TrieSet::insert(std::__cxx11::basic_string<char, std::char_traits<char>, std::allocator<char> >) (Trie.cpp:64)
==3894==    by 0x40A703: TrieRemove_Nonexistant_Test::TestBody() (trie_tests.cpp:96)
==3894==    by 0x441EB2: void testing::internal::HandleExceptionsInMethodIfSupported<testing::Test, void>(testing::Test*, void (testing::Test::*)(), char const*) (in /home/cs104/hw-vischjag/hw8/hw8_tests/trie_tests/trie_tests)
==3894==    by 0x439C23: testing::Test::Run() [clone .part.368] (in /home/cs104/hw-vischjag/hw8/hw8_tests/trie_tests/trie_tests)
==3894==    by 0x439EDC: testing::TestInfo::Run() [clone .part.369] (in /home/cs104/hw-vischjag/hw8/hw8_tests/trie_tests/trie_tests)
==3894==    by 0x43A0C4: testing::TestCase::Run() [clone .part.370] (in /home/cs104/hw-vischjag/hw8/hw8_tests/trie_tests/trie_tests)
==3894==    by 0x43C570: testing::internal::UnitTestImpl::RunAllTests() [clone .part.371] [clone .constprop.426] (in /home/cs104/hw-vischjag/hw8/hw8_tests/trie_tests/trie_tests)
==3894==    by 0x43C980: testing::UnitTest::Run() (in /home/cs104/hw-vischjag/hw8/hw8_tests/trie_tests/trie_tests)
==3894==    by 0x40503F: main (in /home/cs104/hw-vischjag/hw8/hw8_tests/trie_tests/trie_tests)
==3894== 
==3894== Conditional jump or move depends on uninitialised value(s)
==3894==    at 0x41E412: TrieSet::remove(std::__cxx11::basic_string<char, std::char_traits<char>, std::allocator<char> >) (Trie.cpp:88)
==3894==    by 0x40A75B: TrieRemove_Nonexistant_Test::TestBody() (trie_tests.cpp:98)
==3894==    by 0x441EB2: void testing::internal::HandleExceptionsInMethodIfSupported<testing::Test, void>(testing::Test*, void (testing::Test::*)(), char const*) (in /home/cs104/hw-vischjag/hw8/hw8_tests/trie_tests/trie_tests)
==3894==    by 0x439C23: testing::Test::Run() [clone .part.368] (in /home/cs104/hw-vischjag/hw8/hw8_tests/trie_tests/trie_tests)
==3894==    by 0x439EDC: testing::TestInfo::Run() [clone .part.369] (in /home/cs104/hw-vischjag/hw8/hw8_tests/trie_tests/trie_tests)
==3894==    by 0x43A0C4: testing::TestCase::Run() [clone .part.370] (in /home/cs104/hw-vischjag/hw8/hw8_tests/trie_tests/trie_tests)
==3894==    by 0x43C570: testing::internal::UnitTestImpl::RunAllTests() [clone .part.371] [clone .constprop.426] (in /home/cs104/hw-vischjag/hw8/hw8_tests/trie_tests/trie_tests)
==3894==    by 0x43C980: testing::UnitTest::Run() (in /home/cs104/hw-vischjag/hw8/hw8_tests/trie_tests/trie_tests)
==3894==    by 0x40503F: main (in /home/cs104/hw-vischjag/hw8/hw8_tests/trie_tests/trie_tests)
==3894== 
==3894== Conditional jump or move depends on uninitialised value(s)
==3894==    at 0x41E6C0: TrieSet::prefix(std::__cxx11::basic_string<char, std::char_traits<char>, std::allocator<char> >) (Trie.cpp:126)
==3894==    by 0x40A7B3: TrieRemove_Nonexistant_Test::TestBody() (trie_tests.cpp:100)
==3894==    by 0x441EB2: void testing::internal::HandleExceptionsInMethodIfSupported<testing::Test, void>(testing::Test*, void (testing::Test::*)(), char const*) (in /home/cs104/hw-vischjag/hw8/hw8_tests/trie_tests/trie_tests)
==3894==    by 0x439C23: testing::Test::Run() [clone .part.368] (in /home/cs104/hw-vischjag/hw8/hw8_tests/trie_tests/trie_tests)
==3894==    by 0x439EDC: testing::TestInfo::Run() [clone .part.369] (in /home/cs104/hw-vischjag/hw8/hw8_tests/trie_tests/trie_tests)
==3894==    by 0x43A0C4: testing::TestCase::Run() [clone .part.370] (in /home/cs104/hw-vischjag/hw8/hw8_tests/trie_tests/trie_tests)
==3894==    by 0x43C570: testing::internal::UnitTestImpl::RunAllTests() [clone .part.371] [clone .constprop.426] (in /home/cs104/hw-vischjag/hw8/hw8_tests/trie_tests/trie_tests)
==3894==    by 0x43C980: testing::UnitTest::Run() (in /home/cs104/hw-vischjag/hw8/hw8_tests/trie_tests/trie_tests)
==3894==    by 0x40503F: main (in /home/cs104/hw-vischjag/hw8/hw8_tests/trie_tests/trie_tests)
==3894== 
[       OK ] TrieRemove.Nonexistant (35 ms)
[----------] 1 test from TrieRemove (44 ms total)

[----------] Global test environment tear-down
[==========] 1 test from 1 test case ran. (85 ms total)
[  PASSED  ] 1 test.
==3894== 
==3894== HEAP SUMMARY:
==3894==     in use at exit: 73,632 bytes in 5 blocks
==3894==   total heap usage: 396 allocs, 391 frees, 133,049 bytes allocated
==3894== 
==3894== 928 (232 direct, 696 indirect) bytes in 1 blocks are definitely lost in loss record 2 of 3
==3894==    at 0x4C2E17F: operator new(unsigned long) (in /usr/lib/valgrind/vgpreload_memcheck-amd64-linux.so)
==3894==    by 0x41E158: TrieSet::TrieSet() (Trie.cpp:14)
==3894==    by 0x40A6C6: TrieRemove_Nonexistant_Test::TestBody() (trie_tests.cpp:94)
==3894==    by 0x441EB2: void testing::internal::HandleExceptionsInMethodIfSupported<testing::Test, void>(testing::Test*, void (testing::Test::*)(), char const*) (in /home/cs104/hw-vischjag/hw8/hw8_tests/trie_tests/trie_tests)
==3894==    by 0x439C23: testing::Test::Run() [clone .part.368] (in /home/cs104/hw-vischjag/hw8/hw8_tests/trie_tests/trie_tests)
==3894==    by 0x439EDC: testing::TestInfo::Run() [clone .part.369] (in /home/cs104/hw-vischjag/hw8/hw8_tests/trie_tests/trie_tests)
==3894==    by 0x43A0C4: testing::TestCase::Run() [clone .part.370] (in /home/cs104/hw-vischjag/hw8/hw8_tests/trie_tests/trie_tests)
==3894==    by 0x43C570: testing::internal::UnitTestImpl::RunAllTests() [clone .part.371] [clone .constprop.426] (in /home/cs104/hw-vischjag/hw8/hw8_tests/trie_tests/trie_tests)
==3894==    by 0x43C980: testing::UnitTest::Run() (in /home/cs104/hw-vischjag/hw8/hw8_tests/trie_tests/trie_tests)
==3894==    by 0x40503F: main (in /home/cs104/hw-vischjag/hw8/hw8_tests/trie_tests/trie_tests)
==3894== 
==3894== LEAK SUMMARY:
==3894==    definitely lost: 232 bytes in 1 blocks
==3894==    indirectly lost: 696 bytes in 3 blocks
==3894==      possibly lost: 0 bytes in 0 blocks
==3894==    still reachable: 0 bytes in 0 blocks
==3894==         suppressed: 72,704 bytes in 1 blocks
==3894== 
==3894== For counts of detected and suppressed errors, rerun with: -v
==3894== Use --track-origins=yes to see where uninitialised values come from
==3894== ERROR SUMMARY: 6 errors from 4 contexts (suppressed: 0 from 0)
<end of output>
Test time =   0.95 sec
----------------------------------------------------------
Test Passed.
"TrieRemove.Nonexistant" end time: Dec 12 13:07 PST
"TrieRemove.Nonexistant" time elapsed: 00:00:00
----------------------------------------------------------

11/23 Testing: TrieRemove.OneLetter
11/23 Test: TrieRemove.OneLetter
Command: "/usr/bin/valgrind" "--tool=memcheck" "--leak-check=yes" "--trace-children=no" "/home/cs104/hw-vischjag/hw8/hw8_tests/trie_tests/trie_tests" "--gtest_filter=TrieRemove.OneLetter"
Directory: /home/cs104/hw-vischjag/hw8/hw8_tests/trie_tests
"TrieRemove.OneLetter" start time: Dec 12 13:07 PST
Output:
----------------------------------------------------------
==3896== Memcheck, a memory error detector
==3896== Copyright (C) 2002-2017, and GNU GPL'd, by Julian Seward et al.
==3896== Using Valgrind-3.13.0 and LibVEX; rerun with -h for copyright info
==3896== Command: /home/cs104/hw-vischjag/hw8/hw8_tests/trie_tests/trie_tests --gtest_filter=TrieRemove.OneLetter
==3896== 
Running main() from gtest_main.cc
Note: Google Test filter = TrieRemove.OneLetter
[==========] Running 1 test from 1 test case.
[----------] Global test environment set-up.
[----------] 1 test from TrieRemove
[ RUN      ] TrieRemove.OneLetter
==3896== Conditional jump or move depends on uninitialised value(s)
==3896==    at 0x41E22F: TrieSet::insert(std::__cxx11::basic_string<char, std::char_traits<char>, std::allocator<char> >) (Trie.cpp:64)
==3896==    by 0x40AA23: TrieRemove_OneLetter_Test::TestBody() (trie_tests.cpp:107)
==3896==    by 0x441EB2: void testing::internal::HandleExceptionsInMethodIfSupported<testing::Test, void>(testing::Test*, void (testing::Test::*)(), char const*) (in /home/cs104/hw-vischjag/hw8/hw8_tests/trie_tests/trie_tests)
==3896==    by 0x439C23: testing::Test::Run() [clone .part.368] (in /home/cs104/hw-vischjag/hw8/hw8_tests/trie_tests/trie_tests)
==3896==    by 0x439EDC: testing::TestInfo::Run() [clone .part.369] (in /home/cs104/hw-vischjag/hw8/hw8_tests/trie_tests/trie_tests)
==3896==    by 0x43A0C4: testing::TestCase::Run() [clone .part.370] (in /home/cs104/hw-vischjag/hw8/hw8_tests/trie_tests/trie_tests)
==3896==    by 0x43C570: testing::internal::UnitTestImpl::RunAllTests() [clone .part.371] [clone .constprop.426] (in /home/cs104/hw-vischjag/hw8/hw8_tests/trie_tests/trie_tests)
==3896==    by 0x43C980: testing::UnitTest::Run() (in /home/cs104/hw-vischjag/hw8/hw8_tests/trie_tests/trie_tests)
==3896==    by 0x40503F: main (in /home/cs104/hw-vischjag/hw8/hw8_tests/trie_tests/trie_tests)
==3896== 
[       OK ] TrieRemove.OneLetter (38 ms)
[----------] 1 test from TrieRemove (46 ms total)

[----------] Global test environment tear-down
[==========] 1 test from 1 test case ran. (85 ms total)
[  PASSED  ] 1 test.
==3896== 
==3896== HEAP SUMMARY:
==3896==     in use at exit: 72,936 bytes in 2 blocks
==3896==   total heap usage: 392 allocs, 390 frees, 132,501 bytes allocated
==3896== 
==3896== 232 bytes in 1 blocks are definitely lost in loss record 1 of 2
==3896==    at 0x4C2E17F: operator new(unsigned long) (in /usr/lib/valgrind/vgpreload_memcheck-amd64-linux.so)
==3896==    by 0x41E158: TrieSet::TrieSet() (Trie.cpp:14)
==3896==    by 0x40A9E0: TrieRemove_OneLetter_Test::TestBody() (trie_tests.cpp:105)
==3896==    by 0x441EB2: void testing::internal::HandleExceptionsInMethodIfSupported<testing::Test, void>(testing::Test*, void (testing::Test::*)(), char const*) (in /home/cs104/hw-vischjag/hw8/hw8_tests/trie_tests/trie_tests)
==3896==    by 0x439C23: testing::Test::Run() [clone .part.368] (in /home/cs104/hw-vischjag/hw8/hw8_tests/trie_tests/trie_tests)
==3896==    by 0x439EDC: testing::TestInfo::Run() [clone .part.369] (in /home/cs104/hw-vischjag/hw8/hw8_tests/trie_tests/trie_tests)
==3896==    by 0x43A0C4: testing::TestCase::Run() [clone .part.370] (in /home/cs104/hw-vischjag/hw8/hw8_tests/trie_tests/trie_tests)
==3896==    by 0x43C570: testing::internal::UnitTestImpl::RunAllTests() [clone .part.371] [clone .constprop.426] (in /home/cs104/hw-vischjag/hw8/hw8_tests/trie_tests/trie_tests)
==3896==    by 0x43C980: testing::UnitTest::Run() (in /home/cs104/hw-vischjag/hw8/hw8_tests/trie_tests/trie_tests)
==3896==    by 0x40503F: main (in /home/cs104/hw-vischjag/hw8/hw8_tests/trie_tests/trie_tests)
==3896== 
==3896== LEAK SUMMARY:
==3896==    definitely lost: 232 bytes in 1 blocks
==3896==    indirectly lost: 0 bytes in 0 blocks
==3896==      possibly lost: 0 bytes in 0 blocks
==3896==    still reachable: 0 bytes in 0 blocks
==3896==         suppressed: 72,704 bytes in 1 blocks
==3896== 
==3896== For counts of detected and suppressed errors, rerun with: -v
==3896== Use --track-origins=yes to see where uninitialised values come from
==3896== ERROR SUMMARY: 2 errors from 2 contexts (suppressed: 0 from 0)
<end of output>
Test time =   1.25 sec
----------------------------------------------------------
Test Passed.
"TrieRemove.OneLetter" end time: Dec 12 13:07 PST
"TrieRemove.OneLetter" time elapsed: 00:00:01
----------------------------------------------------------

12/23 Testing: TrieRemove.OneWord
12/23 Test: TrieRemove.OneWord
Command: "/usr/bin/valgrind" "--tool=memcheck" "--leak-check=yes" "--trace-children=no" "/home/cs104/hw-vischjag/hw8/hw8_tests/trie_tests/trie_tests" "--gtest_filter=TrieRemove.OneWord"
Directory: /home/cs104/hw-vischjag/hw8/hw8_tests/trie_tests
"TrieRemove.OneWord" start time: Dec 12 13:07 PST
Output:
----------------------------------------------------------
==3905== Memcheck, a memory error detector
==3905== Copyright (C) 2002-2017, and GNU GPL'd, by Julian Seward et al.
==3905== Using Valgrind-3.13.0 and LibVEX; rerun with -h for copyright info
==3905== Command: /home/cs104/hw-vischjag/hw8/hw8_tests/trie_tests/trie_tests --gtest_filter=TrieRemove.OneWord
==3905== 
Running main() from gtest_main.cc
Note: Google Test filter = TrieRemove.OneWord
[==========] Running 1 test from 1 test case.
[----------] Global test environment set-up.
[----------] 1 test from TrieRemove
[ RUN      ] TrieRemove.OneWord
==3905== Conditional jump or move depends on uninitialised value(s)
==3905==    at 0x41E22F: TrieSet::insert(std::__cxx11::basic_string<char, std::char_traits<char>, std::allocator<char> >) (Trie.cpp:64)
==3905==    by 0x40AF05: TrieRemove_OneWord_Test::TestBody() (trie_tests.cpp:120)
==3905==    by 0x441EB2: void testing::internal::HandleExceptionsInMethodIfSupported<testing::Test, void>(testing::Test*, void (testing::Test::*)(), char const*) (in /home/cs104/hw-vischjag/hw8/hw8_tests/trie_tests/trie_tests)
==3905==    by 0x439C23: testing::Test::Run() [clone .part.368] (in /home/cs104/hw-vischjag/hw8/hw8_tests/trie_tests/trie_tests)
==3905==    by 0x439EDC: testing::TestInfo::Run() [clone .part.369] (in /home/cs104/hw-vischjag/hw8/hw8_tests/trie_tests/trie_tests)
==3905==    by 0x43A0C4: testing::TestCase::Run() [clone .part.370] (in /home/cs104/hw-vischjag/hw8/hw8_tests/trie_tests/trie_tests)
==3905==    by 0x43C570: testing::internal::UnitTestImpl::RunAllTests() [clone .part.371] [clone .constprop.426] (in /home/cs104/hw-vischjag/hw8/hw8_tests/trie_tests/trie_tests)
==3905==    by 0x43C980: testing::UnitTest::Run() (in /home/cs104/hw-vischjag/hw8/hw8_tests/trie_tests/trie_tests)
==3905==    by 0x40503F: main (in /home/cs104/hw-vischjag/hw8/hw8_tests/trie_tests/trie_tests)
==3905== 
[       OK ] TrieRemove.OneWord (36 ms)
[----------] 1 test from TrieRemove (43 ms total)

[----------] Global test environment tear-down
[==========] 1 test from 1 test case ran. (79 ms total)
[  PASSED  ] 1 test.
==3905== 
==3905== HEAP SUMMARY:
==3905==     in use at exit: 72,936 bytes in 2 blocks
==3905==   total heap usage: 395 allocs, 393 frees, 133,183 bytes allocated
==3905== 
==3905== 232 bytes in 1 blocks are definitely lost in loss record 1 of 2
==3905==    at 0x4C2E17F: operator new(unsigned long) (in /usr/lib/valgrind/vgpreload_memcheck-amd64-linux.so)
==3905==    by 0x41E158: TrieSet::TrieSet() (Trie.cpp:14)
==3905==    by 0x40AEC2: TrieRemove_OneWord_Test::TestBody() (trie_tests.cpp:118)
==3905==    by 0x441EB2: void testing::internal::HandleExceptionsInMethodIfSupported<testing::Test, void>(testing::Test*, void (testing::Test::*)(), char const*) (in /home/cs104/hw-vischjag/hw8/hw8_tests/trie_tests/trie_tests)
==3905==    by 0x439C23: testing::Test::Run() [clone .part.368] (in /home/cs104/hw-vischjag/hw8/hw8_tests/trie_tests/trie_tests)
==3905==    by 0x439EDC: testing::TestInfo::Run() [clone .part.369] (in /home/cs104/hw-vischjag/hw8/hw8_tests/trie_tests/trie_tests)
==3905==    by 0x43A0C4: testing::TestCase::Run() [clone .part.370] (in /home/cs104/hw-vischjag/hw8/hw8_tests/trie_tests/trie_tests)
==3905==    by 0x43C570: testing::internal::UnitTestImpl::RunAllTests() [clone .part.371] [clone .constprop.426] (in /home/cs104/hw-vischjag/hw8/hw8_tests/trie_tests/trie_tests)
==3905==    by 0x43C980: testing::UnitTest::Run() (in /home/cs104/hw-vischjag/hw8/hw8_tests/trie_tests/trie_tests)
==3905==    by 0x40503F: main (in /home/cs104/hw-vischjag/hw8/hw8_tests/trie_tests/trie_tests)
==3905== 
==3905== LEAK SUMMARY:
==3905==    definitely lost: 232 bytes in 1 blocks
==3905==    indirectly lost: 0 bytes in 0 blocks
==3905==      possibly lost: 0 bytes in 0 blocks
==3905==    still reachable: 0 bytes in 0 blocks
==3905==         suppressed: 72,704 bytes in 1 blocks
==3905== 
==3905== For counts of detected and suppressed errors, rerun with: -v
==3905== Use --track-origins=yes to see where uninitialised values come from
==3905== ERROR SUMMARY: 5 errors from 2 contexts (suppressed: 0 from 0)
<end of output>
Test time =   0.98 sec
----------------------------------------------------------
Test Passed.
"TrieRemove.OneWord" end time: Dec 12 13:07 PST
"TrieRemove.OneWord" time elapsed: 00:00:00
----------------------------------------------------------

13/23 Testing: TrieRemove.UselessNodesRemoved
13/23 Test: TrieRemove.UselessNodesRemoved
Command: "/usr/bin/valgrind" "--tool=memcheck" "--leak-check=yes" "--trace-children=no" "/home/cs104/hw-vischjag/hw8/hw8_tests/trie_tests/trie_tests" "--gtest_filter=TrieRemove.UselessNodesRemoved"
Directory: /home/cs104/hw-vischjag/hw8/hw8_tests/trie_tests
"TrieRemove.UselessNodesRemoved" start time: Dec 12 13:07 PST
Output:
----------------------------------------------------------
==3906== Memcheck, a memory error detector
==3906== Copyright (C) 2002-2017, and GNU GPL'd, by Julian Seward et al.
==3906== Using Valgrind-3.13.0 and LibVEX; rerun with -h for copyright info
==3906== Command: /home/cs104/hw-vischjag/hw8/hw8_tests/trie_tests/trie_tests --gtest_filter=TrieRemove.UselessNodesRemoved
==3906== 
Running main() from gtest_main.cc
Note: Google Test filter = TrieRemove.UselessNodesRemoved
[==========] Running 1 test from 1 test case.
[----------] Global test environment set-up.
[----------] 1 test from TrieRemove
[ RUN      ] TrieRemove.UselessNodesRemoved
==3906== Conditional jump or move depends on uninitialised value(s)
==3906==    at 0x41E22F: TrieSet::insert(std::__cxx11::basic_string<char, std::char_traits<char>, std::allocator<char> >) (Trie.cpp:64)
==3906==    by 0x40B3E7: TrieRemove_UselessNodesRemoved_Test::TestBody() (trie_tests.cpp:134)
==3906==    by 0x441EB2: void testing::internal::HandleExceptionsInMethodIfSupported<testing::Test, void>(testing::Test*, void (testing::Test::*)(), char const*) (in /home/cs104/hw-vischjag/hw8/hw8_tests/trie_tests/trie_tests)
==3906==    by 0x439C23: testing::Test::Run() [clone .part.368] (in /home/cs104/hw-vischjag/hw8/hw8_tests/trie_tests/trie_tests)
==3906==    by 0x439EDC: testing::TestInfo::Run() [clone .part.369] (in /home/cs104/hw-vischjag/hw8/hw8_tests/trie_tests/trie_tests)
==3906==    by 0x43A0C4: testing::TestCase::Run() [clone .part.370] (in /home/cs104/hw-vischjag/hw8/hw8_tests/trie_tests/trie_tests)
==3906==    by 0x43C570: testing::internal::UnitTestImpl::RunAllTests() [clone .part.371] [clone .constprop.426] (in /home/cs104/hw-vischjag/hw8/hw8_tests/trie_tests/trie_tests)
==3906==    by 0x43C980: testing::UnitTest::Run() (in /home/cs104/hw-vischjag/hw8/hw8_tests/trie_tests/trie_tests)
==3906==    by 0x40503F: main (in /home/cs104/hw-vischjag/hw8/hw8_tests/trie_tests/trie_tests)
==3906== 
[       OK ] TrieRemove.UselessNodesRemoved (37 ms)
[----------] 1 test from TrieRemove (43 ms total)

[----------] Global test environment tear-down
[==========] 1 test from 1 test case ran. (75 ms total)
[  PASSED  ] 1 test.
==3906== 
==3906== HEAP SUMMARY:
==3906==     in use at exit: 72,936 bytes in 2 blocks
==3906==   total heap usage: 400 allocs, 398 frees, 134,427 bytes allocated
==3906== 
==3906== 232 bytes in 1 blocks are definitely lost in loss record 1 of 2
==3906==    at 0x4C2E17F: operator new(unsigned long) (in /usr/lib/valgrind/vgpreload_memcheck-amd64-linux.so)
==3906==    by 0x41E158: TrieSet::TrieSet() (Trie.cpp:14)
==3906==    by 0x40B3A4: TrieRemove_UselessNodesRemoved_Test::TestBody() (trie_tests.cpp:132)
==3906==    by 0x441EB2: void testing::internal::HandleExceptionsInMethodIfSupported<testing::Test, void>(testing::Test*, void (testing::Test::*)(), char const*) (in /home/cs104/hw-vischjag/hw8/hw8_tests/trie_tests/trie_tests)
==3906==    by 0x439C23: testing::Test::Run() [clone .part.368] (in /home/cs104/hw-vischjag/hw8/hw8_tests/trie_tests/trie_tests)
==3906==    by 0x439EDC: testing::TestInfo::Run() [clone .part.369] (in /home/cs104/hw-vischjag/hw8/hw8_tests/trie_tests/trie_tests)
==3906==    by 0x43A0C4: testing::TestCase::Run() [clone .part.370] (in /home/cs104/hw-vischjag/hw8/hw8_tests/trie_tests/trie_tests)
==3906==    by 0x43C570: testing::internal::UnitTestImpl::RunAllTests() [clone .part.371] [clone .constprop.426] (in /home/cs104/hw-vischjag/hw8/hw8_tests/trie_tests/trie_tests)
==3906==    by 0x43C980: testing::UnitTest::Run() (in /home/cs104/hw-vischjag/hw8/hw8_tests/trie_tests/trie_tests)
==3906==    by 0x40503F: main (in /home/cs104/hw-vischjag/hw8/hw8_tests/trie_tests/trie_tests)
==3906== 
==3906== LEAK SUMMARY:
==3906==    definitely lost: 232 bytes in 1 blocks
==3906==    indirectly lost: 0 bytes in 0 blocks
==3906==      possibly lost: 0 bytes in 0 blocks
==3906==    still reachable: 0 bytes in 0 blocks
==3906==         suppressed: 72,704 bytes in 1 blocks
==3906== 
==3906== For counts of detected and suppressed errors, rerun with: -v
==3906== Use --track-origins=yes to see where uninitialised values come from
==3906== ERROR SUMMARY: 10 errors from 2 contexts (suppressed: 0 from 0)
<end of output>
Test time =   1.08 sec
----------------------------------------------------------
Test Passed.
"TrieRemove.UselessNodesRemoved" end time: Dec 12 13:07 PST
"TrieRemove.UselessNodesRemoved" time elapsed: 00:00:01
----------------------------------------------------------

14/23 Testing: TrieRemove.NotInSet
14/23 Test: TrieRemove.NotInSet
Command: "/usr/bin/valgrind" "--tool=memcheck" "--leak-check=yes" "--trace-children=no" "/home/cs104/hw-vischjag/hw8/hw8_tests/trie_tests/trie_tests" "--gtest_filter=TrieRemove.NotInSet"
Directory: /home/cs104/hw-vischjag/hw8/hw8_tests/trie_tests
"TrieRemove.NotInSet" start time: Dec 12 13:07 PST
Output:
----------------------------------------------------------
==3907== Memcheck, a memory error detector
==3907== Copyright (C) 2002-2017, and GNU GPL'd, by Julian Seward et al.
==3907== Using Valgrind-3.13.0 and LibVEX; rerun with -h for copyright info
==3907== Command: /home/cs104/hw-vischjag/hw8/hw8_tests/trie_tests/trie_tests --gtest_filter=TrieRemove.NotInSet
==3907== 
Running main() from gtest_main.cc
Note: Google Test filter = TrieRemove.NotInSet
[==========] Running 1 test from 1 test case.
[----------] Global test environment set-up.
[----------] 1 test from TrieRemove
[ RUN      ] TrieRemove.NotInSet
==3907== Conditional jump or move depends on uninitialised value(s)
==3907==    at 0x41E22F: TrieSet::insert(std::__cxx11::basic_string<char, std::char_traits<char>, std::allocator<char> >) (Trie.cpp:64)
==3907==    by 0x40BE8F: TrieRemove_NotInSet_Test::TestBody() (trie_tests.cpp:149)
==3907==    by 0x441EB2: void testing::internal::HandleExceptionsInMethodIfSupported<testing::Test, void>(testing::Test*, void (testing::Test::*)(), char const*) (in /home/cs104/hw-vischjag/hw8/hw8_tests/trie_tests/trie_tests)
==3907==    by 0x439C23: testing::Test::Run() [clone .part.368] (in /home/cs104/hw-vischjag/hw8/hw8_tests/trie_tests/trie_tests)
==3907==    by 0x439EDC: testing::TestInfo::Run() [clone .part.369] (in /home/cs104/hw-vischjag/hw8/hw8_tests/trie_tests/trie_tests)
==3907==    by 0x43A0C4: testing::TestCase::Run() [clone .part.370] (in /home/cs104/hw-vischjag/hw8/hw8_tests/trie_tests/trie_tests)
==3907==    by 0x43C570: testing::internal::UnitTestImpl::RunAllTests() [clone .part.371] [clone .constprop.426] (in /home/cs104/hw-vischjag/hw8/hw8_tests/trie_tests/trie_tests)
==3907==    by 0x43C980: testing::UnitTest::Run() (in /home/cs104/hw-vischjag/hw8/hw8_tests/trie_tests/trie_tests)
==3907==    by 0x40503F: main (in /home/cs104/hw-vischjag/hw8/hw8_tests/trie_tests/trie_tests)
==3907== 
[       OK ] TrieRemove.NotInSet (35 ms)
[----------] 1 test from TrieRemove (42 ms total)

[----------] Global test environment tear-down
[==========] 1 test from 1 test case ran. (75 ms total)
[  PASSED  ] 1 test.
==3907== 
==3907== HEAP SUMMARY:
==3907==     in use at exit: 75,024 bytes in 11 blocks
==3907==   total heap usage: 400 allocs, 389 frees, 134,350 bytes allocated
==3907== 
==3907== 2,320 (232 direct, 2,088 indirect) bytes in 1 blocks are definitely lost in loss record 2 of 3
==3907==    at 0x4C2E17F: operator new(unsigned long) (in /usr/lib/valgrind/vgpreload_memcheck-amd64-linux.so)
==3907==    by 0x41E158: TrieSet::TrieSet() (Trie.cpp:14)
==3907==    by 0x40BE4C: TrieRemove_NotInSet_Test::TestBody() (trie_tests.cpp:147)
==3907==    by 0x441EB2: void testing::internal::HandleExceptionsInMethodIfSupported<testing::Test, void>(testing::Test*, void (testing::Test::*)(), char const*) (in /home/cs104/hw-vischjag/hw8/hw8_tests/trie_tests/trie_tests)
==3907==    by 0x439C23: testing::Test::Run() [clone .part.368] (in /home/cs104/hw-vischjag/hw8/hw8_tests/trie_tests/trie_tests)
==3907==    by 0x439EDC: testing::TestInfo::Run() [clone .part.369] (in /home/cs104/hw-vischjag/hw8/hw8_tests/trie_tests/trie_tests)
==3907==    by 0x43A0C4: testing::TestCase::Run() [clone .part.370] (in /home/cs104/hw-vischjag/hw8/hw8_tests/trie_tests/trie_tests)
==3907==    by 0x43C570: testing::internal::UnitTestImpl::RunAllTests() [clone .part.371] [clone .constprop.426] (in /home/cs104/hw-vischjag/hw8/hw8_tests/trie_tests/trie_tests)
==3907==    by 0x43C980: testing::UnitTest::Run() (in /home/cs104/hw-vischjag/hw8/hw8_tests/trie_tests/trie_tests)
==3907==    by 0x40503F: main (in /home/cs104/hw-vischjag/hw8/hw8_tests/trie_tests/trie_tests)
==3907== 
==3907== LEAK SUMMARY:
==3907==    definitely lost: 232 bytes in 1 blocks
==3907==    indirectly lost: 2,088 bytes in 9 blocks
==3907==      possibly lost: 0 bytes in 0 blocks
==3907==    still reachable: 0 bytes in 0 blocks
==3907==         suppressed: 72,704 bytes in 1 blocks
==3907== 
==3907== For counts of detected and suppressed errors, rerun with: -v
==3907== Use --track-origins=yes to see where uninitialised values come from
==3907== ERROR SUMMARY: 10 errors from 2 contexts (suppressed: 0 from 0)
<end of output>
Test time =   1.08 sec
----------------------------------------------------------
Test Passed.
"TrieRemove.NotInSet" end time: Dec 12 13:07 PST
"TrieRemove.NotInSet" time elapsed: 00:00:01
----------------------------------------------------------

15/23 Testing: TrieRemove.Superstring
15/23 Test: TrieRemove.Superstring
Command: "/usr/bin/valgrind" "--tool=memcheck" "--leak-check=yes" "--trace-children=no" "/home/cs104/hw-vischjag/hw8/hw8_tests/trie_tests/trie_tests" "--gtest_filter=TrieRemove.Superstring"
Directory: /home/cs104/hw-vischjag/hw8/hw8_tests/trie_tests
"TrieRemove.Superstring" start time: Dec 12 13:07 PST
Output:
----------------------------------------------------------
==3910== Memcheck, a memory error detector
==3910== Copyright (C) 2002-2017, and GNU GPL'd, by Julian Seward et al.
==3910== Using Valgrind-3.13.0 and LibVEX; rerun with -h for copyright info
==3910== Command: /home/cs104/hw-vischjag/hw8/hw8_tests/trie_tests/trie_tests --gtest_filter=TrieRemove.Superstring
==3910== 
Running main() from gtest_main.cc
Note: Google Test filter = TrieRemove.Superstring
[==========] Running 1 test from 1 test case.
[----------] Global test environment set-up.
[----------] 1 test from TrieRemove
[ RUN      ] TrieRemove.Superstring
==3910== Conditional jump or move depends on uninitialised value(s)
==3910==    at 0x41E22F: TrieSet::insert(std::__cxx11::basic_string<char, std::char_traits<char>, std::allocator<char> >) (Trie.cpp:64)
==3910==    by 0x40CC41: TrieRemove_Superstring_Test::TestBody() (trie_tests.cpp:166)
==3910==    by 0x441EB2: void testing::internal::HandleExceptionsInMethodIfSupported<testing::Test, void>(testing::Test*, void (testing::Test::*)(), char const*) (in /home/cs104/hw-vischjag/hw8/hw8_tests/trie_tests/trie_tests)
==3910==    by 0x439C23: testing::Test::Run() [clone .part.368] (in /home/cs104/hw-vischjag/hw8/hw8_tests/trie_tests/trie_tests)
==3910==    by 0x439EDC: testing::TestInfo::Run() [clone .part.369] (in /home/cs104/hw-vischjag/hw8/hw8_tests/trie_tests/trie_tests)
==3910==    by 0x43A0C4: testing::TestCase::Run() [clone .part.370] (in /home/cs104/hw-vischjag/hw8/hw8_tests/trie_tests/trie_tests)
==3910==    by 0x43C570: testing::internal::UnitTestImpl::RunAllTests() [clone .part.371] [clone .constprop.426] (in /home/cs104/hw-vischjag/hw8/hw8_tests/trie_tests/trie_tests)
==3910==    by 0x43C980: testing::UnitTest::Run() (in /home/cs104/hw-vischjag/hw8/hw8_tests/trie_tests/trie_tests)
==3910==    by 0x40503F: main (in /home/cs104/hw-vischjag/hw8/hw8_tests/trie_tests/trie_tests)
==3910== 
/home/cs104/hw-vischjag/hw8/hw8_tests/trie_tests/trie_tests.cpp:175: Failure
Expected: (nullptr) != (result), actual: 8-byte object <00-00 00-00 00-00 00-00> vs NULL
[  FAILED  ] TrieRemove.Superstring (76 ms)
[----------] 1 test from TrieRemove (88 ms total)

[----------] Global test environment tear-down
[==========] 1 test from 1 test case ran. (129 ms total)
[  PASSED  ] 0 tests.
[  FAILED  ] 1 test, listed below:
[  FAILED  ] TrieRemove.Superstring

 1 FAILED TEST
==3910== 
==3910== HEAP SUMMARY:
==3910==     in use at exit: 72,936 bytes in 2 blocks
==3910==   total heap usage: 461 allocs, 459 frees, 149,529 bytes allocated
==3910== 
==3910== 232 bytes in 1 blocks are definitely lost in loss record 1 of 2
==3910==    at 0x4C2E17F: operator new(unsigned long) (in /usr/lib/valgrind/vgpreload_memcheck-amd64-linux.so)
==3910==    by 0x41E158: TrieSet::TrieSet() (Trie.cpp:14)
==3910==    by 0x40CBFE: TrieRemove_Superstring_Test::TestBody() (trie_tests.cpp:164)
==3910==    by 0x441EB2: void testing::internal::HandleExceptionsInMethodIfSupported<testing::Test, void>(testing::Test*, void (testing::Test::*)(), char const*) (in /home/cs104/hw-vischjag/hw8/hw8_tests/trie_tests/trie_tests)
==3910==    by 0x439C23: testing::Test::Run() [clone .part.368] (in /home/cs104/hw-vischjag/hw8/hw8_tests/trie_tests/trie_tests)
==3910==    by 0x439EDC: testing::TestInfo::Run() [clone .part.369] (in /home/cs104/hw-vischjag/hw8/hw8_tests/trie_tests/trie_tests)
==3910==    by 0x43A0C4: testing::TestCase::Run() [clone .part.370] (in /home/cs104/hw-vischjag/hw8/hw8_tests/trie_tests/trie_tests)
==3910==    by 0x43C570: testing::internal::UnitTestImpl::RunAllTests() [clone .part.371] [clone .constprop.426] (in /home/cs104/hw-vischjag/hw8/hw8_tests/trie_tests/trie_tests)
==3910==    by 0x43C980: testing::UnitTest::Run() (in /home/cs104/hw-vischjag/hw8/hw8_tests/trie_tests/trie_tests)
==3910==    by 0x40503F: main (in /home/cs104/hw-vischjag/hw8/hw8_tests/trie_tests/trie_tests)
==3910== 
==3910== LEAK SUMMARY:
==3910==    definitely lost: 232 bytes in 1 blocks
==3910==    indirectly lost: 0 bytes in 0 blocks
==3910==      possibly lost: 0 bytes in 0 blocks
==3910==    still reachable: 0 bytes in 0 blocks
==3910==         suppressed: 72,704 bytes in 1 blocks
==3910== 
==3910== For counts of detected and suppressed errors, rerun with: -v
==3910== Use --track-origins=yes to see where uninitialised values come from
==3910== ERROR SUMMARY: 10 errors from 2 contexts (suppressed: 0 from 0)
<end of output>
Test time =   0.99 sec
----------------------------------------------------------
Test Failed.
"TrieRemove.Superstring" end time: Dec 12 13:07 PST
"TrieRemove.Superstring" time elapsed: 00:00:00
----------------------------------------------------------

16/23 Testing: TrieRemove.Substring
16/23 Test: TrieRemove.Substring
Command: "/usr/bin/valgrind" "--tool=memcheck" "--leak-check=yes" "--trace-children=no" "/home/cs104/hw-vischjag/hw8/hw8_tests/trie_tests/trie_tests" "--gtest_filter=TrieRemove.Substring"
Directory: /home/cs104/hw-vischjag/hw8/hw8_tests/trie_tests
"TrieRemove.Substring" start time: Dec 12 13:07 PST
Output:
----------------------------------------------------------
==3913== Memcheck, a memory error detector
==3913== Copyright (C) 2002-2017, and GNU GPL'd, by Julian Seward et al.
==3913== Using Valgrind-3.13.0 and LibVEX; rerun with -h for copyright info
==3913== Command: /home/cs104/hw-vischjag/hw8/hw8_tests/trie_tests/trie_tests --gtest_filter=TrieRemove.Substring
==3913== 
Running main() from gtest_main.cc
Note: Google Test filter = TrieRemove.Substring
[==========] Running 1 test from 1 test case.
[----------] Global test environment set-up.
[----------] 1 test from TrieRemove
[ RUN      ] TrieRemove.Substring
==3913== Conditional jump or move depends on uninitialised value(s)
==3913==    at 0x41E22F: TrieSet::insert(std::__cxx11::basic_string<char, std::char_traits<char>, std::allocator<char> >) (Trie.cpp:64)
==3913==    by 0x40D8F7: TrieRemove_Substring_Test::TestBody() (trie_tests.cpp:182)
==3913==    by 0x441EB2: void testing::internal::HandleExceptionsInMethodIfSupported<testing::Test, void>(testing::Test*, void (testing::Test::*)(), char const*) (in /home/cs104/hw-vischjag/hw8/hw8_tests/trie_tests/trie_tests)
==3913==    by 0x439C23: testing::Test::Run() [clone .part.368] (in /home/cs104/hw-vischjag/hw8/hw8_tests/trie_tests/trie_tests)
==3913==    by 0x439EDC: testing::TestInfo::Run() [clone .part.369] (in /home/cs104/hw-vischjag/hw8/hw8_tests/trie_tests/trie_tests)
[...]
==3967==    by 0x43A0C4: testing::TestCase::Run() [clone .part.370] (in /home/cs104/hw-vischjag/hw8/hw8_tests/trie_tests/trie_tests)
==3967==    by 0x43C570: testing::internal::UnitTestImpl::RunAllTests() [clone .part.371] [clone .constprop.426] (in /home/cs104/hw-vischjag/hw8/hw8_tests/trie_tests/trie_tests)
==3967==    by 0x43C980: testing::UnitTest::Run() (in /home/cs104/hw-vischjag/hw8/hw8_tests/trie_tests/trie_tests)
==3967==    by 0x40503F: main (in /home/cs104/hw-vischjag/hw8/hw8_tests/trie_tests/trie_tests)
==3967== 
==3967== Conditional jump or move depends on uninitialised value(s)
==3967==    at 0x40545C: walkTrie(TrieNode*, TrieNode*, std::__cxx11::basic_string<char, std::char_traits<char>, std::allocator<char> > const&, std::set<std::__cxx11::basic_string<char, std::char_traits<char>, std::allocator<char> >, std::less<std::__cxx11::basic_string<char, std::char_traits<char>, std::allocator<char> > >, std::allocator<std::__cxx11::basic_string<char, std::char_traits<char>, std::allocator<char> > > >&) (trie_checker.cpp:20)
==3967==    by 0x40561F: walkTrie(TrieNode*, TrieNode*, std::__cxx11::basic_string<char, std::char_traits<char>, std::allocator<char> > const&, std::set<std::__cxx11::basic_string<char, std::char_traits<char>, std::allocator<char> >, std::less<std::__cxx11::basic_string<char, std::char_traits<char>, std::allocator<char> > >, std::allocator<std::__cxx11::basic_string<char, std::char_traits<char>, std::allocator<char> > > >&) (trie_checker.cpp:62)
==3967==    by 0x40561F: walkTrie(TrieNode*, TrieNode*, std::__cxx11::basic_string<char, std::char_traits<char>, std::allocator<char> > const&, std::set<std::__cxx11::basic_string<char, std::char_traits<char>, std::allocator<char> >, std::less<std::__cxx11::basic_string<char, std::char_traits<char>, std::allocator<char> > >, std::allocator<std::__cxx11::basic_string<char, std::char_traits<char>, std::allocator<char> > > >&) (trie_checker.cpp:62)
==3967==    by 0x4059C3: verifyTrie(TrieSet&, std::set<std::__cxx11::basic_string<char, std::char_traits<char>, std::allocator<char> >, std::less<std::__cxx11::basic_string<char, std::char_traits<char>, std::allocator<char> > >, std::allocator<std::__cxx11::basic_string<char, std::char_traits<char>, std::allocator<char> > > > const&) (trie_checker.cpp:104)
==3967==    by 0x41294F: TrieRemoveStress_RandomBuildupBreakdown_Test::TestBody() (trie_tests.cpp:366)
==3967==    by 0x441EB2: void testing::internal::HandleExceptionsInMethodIfSupported<testing::Test, void>(testing::Test*, void (testing::Test::*)(), char const*) (in /home/cs104/hw-vischjag/hw8/hw8_tests/trie_tests/trie_tests)
==3967==    by 0x439C23: testing::Test::Run() [clone .part.368] (in /home/cs104/hw-vischjag/hw8/hw8_tests/trie_tests/trie_tests)
==3967==    by 0x439EDC: testing::TestInfo::Run() [clone .part.369] (in /home/cs104/hw-vischjag/hw8/hw8_tests/trie_tests/trie_tests)
==3967==    by 0x43A0C4: testing::TestCase::Run() [clone .part.370] (in /home/cs104/hw-vischjag/hw8/hw8_tests/trie_tests/trie_tests)
==3967==    by 0x43C570: testing::internal::UnitTestImpl::RunAllTests() [clone .part.371] [clone .constprop.426] (in /home/cs104/hw-vischjag/hw8/hw8_tests/trie_tests/trie_tests)
==3967==    by 0x43C980: testing::UnitTest::Run() (in /home/cs104/hw-vischjag/hw8/hw8_tests/trie_tests/trie_tests)
==3967==    by 0x40503F: main (in /home/cs104/hw-vischjag/hw8/hw8_tests/trie_tests/trie_tests)
==3967== 
==3967== Conditional jump or move depends on uninitialised value(s)
==3967==    at 0x40550D: walkTrie(TrieNode*, TrieNode*, std::__cxx11::basic_string<char, std::char_traits<char>, std::allocator<char> > const&, std::set<std::__cxx11::basic_string<char, std::char_traits<char>, std::allocator<char> >, std::less<std::__cxx11::basic_string<char, std::char_traits<char>, std::allocator<char> > >, std::allocator<std::__cxx11::basic_string<char, std::char_traits<char>, std::allocator<char> > > >&) (trie_checker.cpp:38)
==3967==    by 0x40561F: walkTrie(TrieNode*, TrieNode*, std::__cxx11::basic_string<char, std::char_traits<char>, std::allocator<char> > const&, std::set<std::__cxx11::basic_string<char, std::char_traits<char>, std::allocator<char> >, std::less<std::__cxx11::basic_string<char, std::char_traits<char>, std::allocator<char> > >, std::allocator<std::__cxx11::basic_string<char, std::char_traits<char>, std::allocator<char> > > >&) (trie_checker.cpp:62)
==3967==    by 0x40561F: walkTrie(TrieNode*, TrieNode*, std::__cxx11::basic_string<char, std::char_traits<char>, std::allocator<char> > const&, std::set<std::__cxx11::basic_string<char, std::char_traits<char>, std::allocator<char> >, std::less<std::__cxx11::basic_string<char, std::char_traits<char>, std::allocator<char> > >, std::allocator<std::__cxx11::basic_string<char, std::char_traits<char>, std::allocator<char> > > >&) (trie_checker.cpp:62)
==3967==    by 0x4059C3: verifyTrie(TrieSet&, std::set<std::__cxx11::basic_string<char, std::char_traits<char>, std::allocator<char> >, std::less<std::__cxx11::basic_string<char, std::char_traits<char>, std::allocator<char> > >, std::allocator<std::__cxx11::basic_string<char, std::char_traits<char>, std::allocator<char> > > > const&) (trie_checker.cpp:104)
==3967==    by 0x41294F: TrieRemoveStress_RandomBuildupBreakdown_Test::TestBody() (trie_tests.cpp:366)
==3967==    by 0x441EB2: void testing::internal::HandleExceptionsInMethodIfSupported<testing::Test, void>(testing::Test*, void (testing::Test::*)(), char const*) (in /home/cs104/hw-vischjag/hw8/hw8_tests/trie_tests/trie_tests)
==3967==    by 0x439C23: testing::Test::Run() [clone .part.368] (in /home/cs104/hw-vischjag/hw8/hw8_tests/trie_tests/trie_tests)
==3967==    by 0x439EDC: testing::TestInfo::Run() [clone .part.369] (in /home/cs104/hw-vischjag/hw8/hw8_tests/trie_tests/trie_tests)
==3967==    by 0x43A0C4: testing::TestCase::Run() [clone .part.370] (in /home/cs104/hw-vischjag/hw8/hw8_tests/trie_tests/trie_tests)
==3967==    by 0x43C570: testing::internal::UnitTestImpl::RunAllTests() [clone .part.371] [clone .constprop.426] (in /home/cs104/hw-vischjag/hw8/hw8_tests/trie_tests/trie_tests)
==3967==    by 0x43C980: testing::UnitTest::Run() (in /home/cs104/hw-vischjag/hw8/hw8_tests/trie_tests/trie_tests)
==3967==    by 0x40503F: main (in /home/cs104/hw-vischjag/hw8/hw8_tests/trie_tests/trie_tests)
==3967== 
==3967== Conditional jump or move depends on uninitialised value(s)
==3967==    at 0x40545C: walkTrie(TrieNode*, TrieNode*, std::__cxx11::basic_string<char, std::char_traits<char>, std::allocator<char> > const&, std::set<std::__cxx11::basic_string<char, std::char_traits<char>, std::allocator<char> >, std::less<std::__cxx11::basic_string<char, std::char_traits<char>, std::allocator<char> > >, std::allocator<std::__cxx11::basic_string<char, std::char_traits<char>, std::allocator<char> > > >&) (trie_checker.cpp:20)
==3967==    by 0x40561F: walkTrie(TrieNode*, TrieNode*, std::__cxx11::basic_string<char, std::char_traits<char>, std::allocator<char> > const&, std::set<std::__cxx11::basic_string<char, std::char_traits<char>, std::allocator<char> >, std::less<std::__cxx11::basic_string<char, std::char_traits<char>, std::allocator<char> > >, std::allocator<std::__cxx11::basic_string<char, std::char_traits<char>, std::allocator<char> > > >&) (trie_checker.cpp:62)
==3967==    by 0x40561F: walkTrie(TrieNode*, TrieNode*, std::__cxx11::basic_string<char, std::char_traits<char>, std::allocator<char> > const&, std::set<std::__cxx11::basic_string<char, std::char_traits<char>, std::allocator<char> >, std::less<std::__cxx11::basic_string<char, std::char_traits<char>, std::allocator<char> > >, std::allocator<std::__cxx11::basic_string<char, std::char_traits<char>, std::allocator<char> > > >&) (trie_checker.cpp:62)
==3967==    by 0x40561F: walkTrie(TrieNode*, TrieNode*, std::__cxx11::basic_string<char, std::char_traits<char>, std::allocator<char> > const&, std::set<std::__cxx11::basic_string<char, std::char_traits<char>, std::allocator<char> >, std::less<std::__cxx11::basic_string<char, std::char_traits<char>, std::allocator<char> > >, std::allocator<std::__cxx11::basic_string<char, std::char_traits<char>, std::allocator<char> > > >&) (trie_checker.cpp:62)
==3967==    by 0x4059C3: verifyTrie(TrieSet&, std::set<std::__cxx11::basic_string<char, std::char_traits<char>, std::allocator<char> >, std::less<std::__cxx11::basic_string<char, std::char_traits<char>, std::allocator<char> > >, std::allocator<std::__cxx11::basic_string<char, std::char_traits<char>, std::allocator<char> > > > const&) (trie_checker.cpp:104)
==3967==    by 0x41294F: TrieRemoveStress_RandomBuildupBreakdown_Test::TestBody() (trie_tests.cpp:366)
==3967==    by 0x441EB2: void testing::internal::HandleExceptionsInMethodIfSupported<testing::Test, void>(testing::Test*, void (testing::Test::*)(), char const*) (in /home/cs104/hw-vischjag/hw8/hw8_tests/trie_tests/trie_tests)
==3967==    by 0x439C23: testing::Test::Run() [clone .part.368] (in /home/cs104/hw-vischjag/hw8/hw8_tests/trie_tests/trie_tests)
==3967==    by 0x439EDC: testing::TestInfo::Run() [clone .part.369] (in /home/cs104/hw-vischjag/hw8/hw8_tests/trie_tests/trie_tests)
==3967==    by 0x43A0C4: testing::TestCase::Run() [clone .part.370] (in /home/cs104/hw-vischjag/hw8/hw8_tests/trie_tests/trie_tests)
==3967==    by 0x43C570: testing::internal::UnitTestImpl::RunAllTests() [clone .part.371] [clone .constprop.426] (in /home/cs104/hw-vischjag/hw8/hw8_tests/trie_tests/trie_tests)
==3967==    by 0x43C980: testing::UnitTest::Run() (in /home/cs104/hw-vischjag/hw8/hw8_tests/trie_tests/trie_tests)
==3967== 
==3967== Conditional jump or move depends on uninitialised value(s)
==3967==    at 0x40550D: walkTrie(TrieNode*, TrieNode*, std::__cxx11::basic_string<char, std::char_traits<char>, std::allocator<char> > const&, std::set<std::__cxx11::basic_string<char, std::char_traits<char>, std::allocator<char> >, std::less<std::__cxx11::basic_string<char, std::char_traits<char>, std::allocator<char> > >, std::allocator<std::__cxx11::basic_string<char, std::char_traits<char>, std::allocator<char> > > >&) (trie_checker.cpp:38)
==3967==    by 0x40561F: walkTrie(TrieNode*, TrieNode*, std::__cxx11::basic_string<char, std::char_traits<char>, std::allocator<char> > const&, std::set<std::__cxx11::basic_string<char, std::char_traits<char>, std::allocator<char> >, std::less<std::__cxx11::basic_string<char, std::char_traits<char>, std::allocator<char> > >, std::allocator<std::__cxx11::basic_string<char, std::char_traits<char>, std::allocator<char> > > >&) (trie_checker.cpp:62)
==3967==    by 0x40561F: walkTrie(TrieNode*, TrieNode*, std::__cxx11::basic_string<char, std::char_traits<char>, std::allocator<char> > const&, std::set<std::__cxx11::basic_string<char, std::char_traits<char>, std::allocator<char> >, std::less<std::__cxx11::basic_string<char, std::char_traits<char>, std::allocator<char> > >, std::allocator<std::__cxx11::basic_string<char, std::char_traits<char>, std::allocator<char> > > >&) (trie_checker.cpp:62)
==3967==    by 0x40561F: walkTrie(TrieNode*, TrieNode*, std::__cxx11::basic_string<char, std::char_traits<char>, std::allocator<char> > const&, std::set<std::__cxx11::basic_string<char, std::char_traits<char>, std::allocator<char> >, std::less<std::__cxx11::basic_string<char, std::char_traits<char>, std::allocator<char> > >, std::allocator<std::__cxx11::basic_string<char, std::char_traits<char>, std::allocator<char> > > >&) (trie_checker.cpp:62)
==3967==    by 0x4059C3: verifyTrie(TrieSet&, std::set<std::__cxx11::basic_string<char, std::char_traits<char>, std::allocator<char> >, std::less<std::__cxx11::basic_string<char, std::char_traits<char>, std::allocator<char> > >, std::allocator<std::__cxx11::basic_string<char, std::char_traits<char>, std::allocator<char> > > > const&) (trie_checker.cpp:104)
==3967==    by 0x41294F: TrieRemoveStress_RandomBuildupBreakdown_Test::TestBody() (trie_tests.cpp:366)
==3967==    by 0x441EB2: void testing::internal::HandleExceptionsInMethodIfSupported<testing::Test, void>(testing::Test*, void (testing::Test::*)(), char const*) (in /home/cs104/hw-vischjag/hw8/hw8_tests/trie_tests/trie_tests)
==3967==    by 0x439C23: testing::Test::Run() [clone .part.368] (in /home/cs104/hw-vischjag/hw8/hw8_tests/trie_tests/trie_tests)
==3967==    by 0x439EDC: testing::TestInfo::Run() [clone .part.369] (in /home/cs104/hw-vischjag/hw8/hw8_tests/trie_tests/trie_tests)
==3967==    by 0x43A0C4: testing::TestCase::Run() [clone .part.370] (in /home/cs104/hw-vischjag/hw8/hw8_tests/trie_tests/trie_tests)
==3967==    by 0x43C570: testing::internal::UnitTestImpl::RunAllTests() [clone .part.371] [clone .constprop.426] (in /home/cs104/hw-vischjag/hw8/hw8_tests/trie_tests/trie_tests)
==3967==    by 0x43C980: testing::UnitTest::Run() (in /home/cs104/hw-vischjag/hw8/hw8_tests/trie_tests/trie_tests)
==3967== 
==3967== Conditional jump or move depends on uninitialised value(s)
==3967==    at 0x40545C: walkTrie(TrieNode*, TrieNode*, std::__cxx11::basic_string<char, std::char_traits<char>, std::allocator<char> > const&, std::set<std::__cxx11::basic_string<char, std::char_traits<char>, std::allocator<char> >, std::less<std::__cxx11::basic_string<char, std::char_traits<char>, std::allocator<char> > >, std::allocator<std::__cxx11::basic_string<char, std::char_traits<char>, std::allocator<char> > > >&) (trie_checker.cpp:20)
==3967==    by 0x40561F: walkTrie(TrieNode*, TrieNode*, std::__cxx11::basic_string<char, std::char_traits<char>, std::allocator<char> > const&, std::set<std::__cxx11::basic_string<char, std::char_traits<char>, std::allocator<char> >, std::less<std::__cxx11::basic_string<char, std::char_traits<char>, std::allocator<char> > >, std::allocator<std::__cxx11::basic_string<char, std::char_traits<char>, std::allocator<char> > > >&) (trie_checker.cpp:62)
==3967==    by 0x4059C3: verifyTrie(TrieSet&, std::set<std::__cxx11::basic_string<char, std::char_traits<char>, std::allocator<char> >, std::less<std::__cxx11::basic_string<char, std::char_traits<char>, std::allocator<char> > >, std::allocator<std::__cxx11::basic_string<char, std::char_traits<char>, std::allocator<char> > > > const&) (trie_checker.cpp:104)
==3967==    by 0x41294F: TrieRemoveStress_RandomBuildupBreakdown_Test::TestBody() (trie_tests.cpp:366)
==3967==    by 0x441EB2: void testing::internal::HandleExceptionsInMethodIfSupported<testing::Test, void>(testing::Test*, void (testing::Test::*)(), char const*) (in /home/cs104/hw-vischjag/hw8/hw8_tests/trie_tests/trie_tests)
==3967==    by 0x439C23: testing::Test::Run() [clone .part.368] (in /home/cs104/hw-vischjag/hw8/hw8_tests/trie_tests/trie_tests)
==3967==    by 0x439EDC: testing::TestInfo::Run() [clone .part.369] (in /home/cs104/hw-vischjag/hw8/hw8_tests/trie_tests/trie_tests)
==3967==    by 0x43A0C4: testing::TestCase::Run() [clone .part.370] (in /home/cs104/hw-vischjag/hw8/hw8_tests/trie_tests/trie_tests)
==3967==    by 0x43C570: testing::internal::UnitTestImpl::RunAllTests() [clone .part.371] [clone .constprop.426] (in /home/cs104/hw-vischjag/hw8/hw8_tests/trie_tests/trie_tests)
==3967==    by 0x43C980: testing::UnitTest::Run() (in /home/cs104/hw-vischjag/hw8/hw8_tests/trie_tests/trie_tests)
==3967==    by 0x40503F: main (in /home/cs104/hw-vischjag/hw8/hw8_tests/trie_tests/trie_tests)
==3967== 
==3967== Conditional jump or move depends on uninitialised value(s)
==3967==    at 0x40550D: walkTrie(TrieNode*, TrieNode*, std::__cxx11::basic_string<char, std::char_traits<char>, std::allocator<char> > const&, std::set<std::__cxx11::basic_string<char, std::char_traits<char>, std::allocator<char> >, std::less<std::__cxx11::basic_string<char, std::char_traits<char>, std::allocator<char> > >, std::allocator<std::__cxx11::basic_string<char, std::char_traits<char>, std::allocator<char> > > >&) (trie_checker.cpp:38)
==3967==    by 0x4059C3: verifyTrie(TrieSet&, std::set<std::__cxx11::basic_string<char, std::char_traits<char>, std::allocator<char> >, std::less<std::__cxx11::basic_string<char, std::char_traits<char>, std::allocator<char> > >, std::allocator<std::__cxx11::basic_string<char, std::char_traits<char>, std::allocator<char> > > > const&) (trie_checker.cpp:104)
==3967==    by 0x41294F: TrieRemoveStress_RandomBuildupBreakdown_Test::TestBody() (trie_tests.cpp:366)
==3967==    by 0x441EB2: void testing::internal::HandleExceptionsInMethodIfSupported<testing::Test, void>(testing::Test*, void (testing::Test::*)(), char const*) (in /home/cs104/hw-vischjag/hw8/hw8_tests/trie_tests/trie_tests)
==3967==    by 0x439C23: testing::Test::Run() [clone .part.368] (in /home/cs104/hw-vischjag/hw8/hw8_tests/trie_tests/trie_tests)
==3967==    by 0x439EDC: testing::TestInfo::Run() [clone .part.369] (in /home/cs104/hw-vischjag/hw8/hw8_tests/trie_tests/trie_tests)
==3967==    by 0x43A0C4: testing::TestCase::Run() [clone .part.370] (in /home/cs104/hw-vischjag/hw8/hw8_tests/trie_tests/trie_tests)
==3967==    by 0x43C570: testing::internal::UnitTestImpl::RunAllTests() [clone .part.371] [clone .constprop.426] (in /home/cs104/hw-vischjag/hw8/hw8_tests/trie_tests/trie_tests)
==3967==    by 0x43C980: testing::UnitTest::Run() (in /home/cs104/hw-vischjag/hw8/hw8_tests/trie_tests/trie_tests)
==3967==    by 0x40503F: main (in /home/cs104/hw-vischjag/hw8/hw8_tests/trie_tests/trie_tests)
==3967== 
[       OK ] TrieRemoveStress.RandomBuildupBreakdown (11274 ms)
[----------] 1 test from TrieRemoveStress (11279 ms total)

[----------] Global test environment tear-down
[==========] 1 test from 1 test case ran. (11312 ms total)
[  PASSED  ] 1 test.
==3967== 
==3967== HEAP SUMMARY:
==3967==     in use at exit: 78,504 bytes in 26 blocks
==3967==   total heap usage: 22,275 allocs, 22,249 frees, 3,185,759 bytes allocated
==3967== 
==3967== 5,800 bytes in 25 blocks are definitely lost in loss record 1 of 2
==3967==    at 0x4C2E17F: operator new(unsigned long) (in /usr/lib/valgrind/vgpreload_memcheck-amd64-linux.so)
==3967==    by 0x41E158: TrieSet::TrieSet() (Trie.cpp:14)
==3967==    by 0x4127AA: TrieRemoveStress_RandomBuildupBreakdown_Test::TestBody() (trie_tests.cpp:352)
==3967==    by 0x441EB2: void testing::internal::HandleExceptionsInMethodIfSupported<testing::Test, void>(testing::Test*, void (testing::Test::*)(), char const*) (in /home/cs104/hw-vischjag/hw8/hw8_tests/trie_tests/trie_tests)
==3967==    by 0x439C23: testing::Test::Run() [clone .part.368] (in /home/cs104/hw-vischjag/hw8/hw8_tests/trie_tests/trie_tests)
==3967==    by 0x439EDC: testing::TestInfo::Run() [clone .part.369] (in /home/cs104/hw-vischjag/hw8/hw8_tests/trie_tests/trie_tests)
==3967==    by 0x43A0C4: testing::TestCase::Run() [clone .part.370] (in /home/cs104/hw-vischjag/hw8/hw8_tests/trie_tests/trie_tests)
==3967==    by 0x43C570: testing::internal::UnitTestImpl::RunAllTests() [clone .part.371] [clone .constprop.426] (in /home/cs104/hw-vischjag/hw8/hw8_tests/trie_tests/trie_tests)
==3967==    by 0x43C980: testing::UnitTest::Run() (in /home/cs104/hw-vischjag/hw8/hw8_tests/trie_tests/trie_tests)
==3967==    by 0x40503F: main (in /home/cs104/hw-vischjag/hw8/hw8_tests/trie_tests/trie_tests)
==3967== 
==3967== LEAK SUMMARY:
==3967==    definitely lost: 5,800 bytes in 25 blocks
==3967==    indirectly lost: 0 bytes in 0 blocks
==3967==      possibly lost: 0 bytes in 0 blocks
==3967==    still reachable: 0 bytes in 0 blocks
==3967==         suppressed: 72,704 bytes in 1 blocks
==3967== 
==3967== For counts of detected and suppressed errors, rerun with: -v
==3967== Use --track-origins=yes to see where uninitialised values come from
==3967== ERROR SUMMARY: 3229476 errors from 9 contexts (suppressed: 0 from 0)
<end of output>
Test time =  12.45 sec
----------------------------------------------------------
Test Passed.
"TrieRemoveStress.RandomBuildupBreakdown" end time: Dec 12 13:07 PST
"TrieRemoveStress.RandomBuildupBreakdown" time elapsed: 00:00:12
----------------------------------------------------------

End testing: Dec 12 13:07 PST
